{"/home/rafi/Documents/tugas-kuliah/semester4/software engginer prak/EIS-engine/src/app.js": {"path":"/home/rafi/Documents/tugas-kuliah/semester4/software engginer prak/EIS-engine/src/app.js","statementMap":{"0":{"start":{"line":15,"column":12},"end":{"line":15,"column":21}},"1":{"start":{"line":18,"column":0},"end":{"line":18,"column":16}},"2":{"start":{"line":19,"column":0},"end":{"line":19,"column":18}},"3":{"start":{"line":20,"column":0},"end":{"line":20,"column":24}},"4":{"start":{"line":21,"column":0},"end":{"line":21,"column":48}},"5":{"start":{"line":24,"column":19},"end":{"line":24,"column":28}},"6":{"start":{"line":26,"column":0},"end":{"line":26,"column":44}},"7":{"start":{"line":27,"column":0},"end":{"line":27,"column":50}},"8":{"start":{"line":28,"column":0},"end":{"line":28,"column":48}},"9":{"start":{"line":29,"column":0},"end":{"line":29,"column":44}},"10":{"start":{"line":30,"column":0},"end":{"line":30,"column":52}},"11":{"start":{"line":31,"column":0},"end":{"line":31,"column":52}},"12":{"start":{"line":32,"column":0},"end":{"line":32,"column":44}},"13":{"start":{"line":35,"column":0},"end":{"line":35,"column":22}}},"fnMap":{},"branchMap":{},"s":{"0":7,"1":7,"2":7,"3":7,"4":7,"5":7,"6":7,"7":7,"8":7,"9":7,"10":7,"11":7,"12":7,"13":7},"f":{},"b":{},"inputSourceMap":null,"_coverageSchema":"1a1c01bbd47fc00a2c39e90264f33305004495a9","hash":"ca0bb4e7c3002b6bb89258f29eb012ebf73d02e5"}
,"/home/rafi/Documents/tugas-kuliah/semester4/software engginer prak/EIS-engine/src/controllers/admin.controller.js": {"path":"/home/rafi/Documents/tugas-kuliah/semester4/software engginer prak/EIS-engine/src/controllers/admin.controller.js","statementMap":{"0":{"start":{"line":8,"column":29},"end":{"line":22,"column":1}},"1":{"start":{"line":9,"column":2},"end":{"line":21,"column":3}},"2":{"start":{"line":10,"column":44},"end":{"line":10,"column":52}},"3":{"start":{"line":12,"column":23},"end":{"line":16,"column":6}},"4":{"start":{"line":18,"column":4},"end":{"line":18,"column":72}},"5":{"start":{"line":20,"column":4},"end":{"line":20,"column":16}},"6":{"start":{"line":28,"column":27},"end":{"line":41,"column":1}},"7":{"start":{"line":29,"column":2},"end":{"line":40,"column":3}},"8":{"start":{"line":30,"column":37},"end":{"line":30,"column":46}},"9":{"start":{"line":32,"column":21},"end":{"line":35,"column":6}},"10":{"start":{"line":37,"column":4},"end":{"line":37,"column":78}},"11":{"start":{"line":39,"column":4},"end":{"line":39,"column":16}},"12":{"start":{"line":47,"column":29},"end":{"line":57,"column":1}},"13":{"start":{"line":48,"column":2},"end":{"line":56,"column":3}},"14":{"start":{"line":49,"column":27},"end":{"line":49,"column":37}},"15":{"start":{"line":51,"column":27},"end":{"line":51,"column":71}},"16":{"start":{"line":53,"column":4},"end":{"line":53,"column":83}},"17":{"start":{"line":55,"column":4},"end":{"line":55,"column":16}},"18":{"start":{"line":63,"column":29},"end":{"line":78,"column":1}},"19":{"start":{"line":64,"column":2},"end":{"line":77,"column":3}},"20":{"start":{"line":65,"column":66},"end":{"line":65,"column":74}},"21":{"start":{"line":67,"column":20},"end":{"line":72,"column":6}},"22":{"start":{"line":74,"column":4},"end":{"line":74,"column":78}},"23":{"start":{"line":76,"column":4},"end":{"line":76,"column":16}},"24":{"start":{"line":84,"column":27},"end":{"line":100,"column":1}},"25":{"start":{"line":85,"column":2},"end":{"line":99,"column":3}},"26":{"start":{"line":86,"column":66},"end":{"line":86,"column":74}},"27":{"start":{"line":88,"column":18},"end":{"line":94,"column":6}},"28":{"start":{"line":96,"column":4},"end":{"line":96,"column":70}},"29":{"start":{"line":98,"column":4},"end":{"line":98,"column":16}},"30":{"start":{"line":106,"column":26},"end":{"line":123,"column":1}},"31":{"start":{"line":107,"column":2},"end":{"line":122,"column":3}},"32":{"start":{"line":108,"column":74},"end":{"line":108,"column":82}},"33":{"start":{"line":110,"column":19},"end":{"line":117,"column":6}},"34":{"start":{"line":119,"column":4},"end":{"line":119,"column":65}},"35":{"start":{"line":121,"column":4},"end":{"line":121,"column":16}}},"fnMap":{"0":{"name":"(anonymous_0)","decl":{"start":{"line":8,"column":29},"end":{"line":8,"column":30}},"loc":{"start":{"line":8,"column":55},"end":{"line":22,"column":1}},"line":8},"1":{"name":"(anonymous_1)","decl":{"start":{"line":28,"column":27},"end":{"line":28,"column":28}},"loc":{"start":{"line":28,"column":53},"end":{"line":41,"column":1}},"line":28},"2":{"name":"(anonymous_2)","decl":{"start":{"line":47,"column":29},"end":{"line":47,"column":30}},"loc":{"start":{"line":47,"column":55},"end":{"line":57,"column":1}},"line":47},"3":{"name":"(anonymous_3)","decl":{"start":{"line":63,"column":29},"end":{"line":63,"column":30}},"loc":{"start":{"line":63,"column":55},"end":{"line":78,"column":1}},"line":63},"4":{"name":"(anonymous_4)","decl":{"start":{"line":84,"column":27},"end":{"line":84,"column":28}},"loc":{"start":{"line":84,"column":53},"end":{"line":100,"column":1}},"line":84},"5":{"name":"(anonymous_5)","decl":{"start":{"line":106,"column":26},"end":{"line":106,"column":27}},"loc":{"start":{"line":106,"column":52},"end":{"line":123,"column":1}},"line":106}},"branchMap":{},"s":{"0":7,"1":2,"2":2,"3":2,"4":1,"5":1,"6":7,"7":4,"8":4,"9":4,"10":4,"11":0,"12":7,"13":3,"14":3,"15":3,"16":1,"17":2,"18":7,"19":3,"20":3,"21":3,"22":2,"23":1,"24":7,"25":2,"26":2,"27":2,"28":1,"29":1,"30":7,"31":3,"32":3,"33":3,"34":2,"35":1},"f":{"0":2,"1":4,"2":3,"3":3,"4":2,"5":3},"b":{},"inputSourceMap":null,"_coverageSchema":"1a1c01bbd47fc00a2c39e90264f33305004495a9","hash":"918a85c0d53c2919aecb81c716597107257ad330"}
,"/home/rafi/Documents/tugas-kuliah/semester4/software engginer prak/EIS-engine/src/controllers/analytics.controller.js": {"path":"/home/rafi/Documents/tugas-kuliah/semester4/software engginer prak/EIS-engine/src/controllers/analytics.controller.js","statementMap":{"0":{"start":{"line":4,"column":27},"end":{"line":16,"column":1}},"1":{"start":{"line":5,"column":2},"end":{"line":15,"column":3}},"2":{"start":{"line":6,"column":29},"end":{"line":6,"column":44}},"3":{"start":{"line":7,"column":31},"end":{"line":7,"column":44}},"4":{"start":{"line":8,"column":24},"end":{"line":8,"column":34}},"5":{"start":{"line":10,"column":19},"end":{"line":10,"column":100}},"6":{"start":{"line":12,"column":4},"end":{"line":12,"column":75}},"7":{"start":{"line":14,"column":4},"end":{"line":14,"column":16}},"8":{"start":{"line":18,"column":35},"end":{"line":29,"column":1}},"9":{"start":{"line":19,"column":2},"end":{"line":28,"column":3}},"10":{"start":{"line":20,"column":19},"end":{"line":20,"column":34}},"11":{"start":{"line":21,"column":27},"end":{"line":21,"column":37}},"12":{"start":{"line":23,"column":19},"end":{"line":23,"column":81}},"13":{"start":{"line":25,"column":4},"end":{"line":25,"column":80}},"14":{"start":{"line":27,"column":4},"end":{"line":27,"column":16}},"15":{"start":{"line":31,"column":37},"end":{"line":41,"column":1}},"16":{"start":{"line":32,"column":2},"end":{"line":40,"column":3}},"17":{"start":{"line":33,"column":49},"end":{"line":33,"column":58}},"18":{"start":{"line":35,"column":19},"end":{"line":35,"column":101}},"19":{"start":{"line":37,"column":4},"end":{"line":37,"column":80}},"20":{"start":{"line":39,"column":4},"end":{"line":39,"column":16}}},"fnMap":{"0":{"name":"(anonymous_0)","decl":{"start":{"line":4,"column":27},"end":{"line":4,"column":28}},"loc":{"start":{"line":4,"column":53},"end":{"line":16,"column":1}},"line":4},"1":{"name":"(anonymous_1)","decl":{"start":{"line":18,"column":35},"end":{"line":18,"column":36}},"loc":{"start":{"line":18,"column":61},"end":{"line":29,"column":1}},"line":18},"2":{"name":"(anonymous_2)","decl":{"start":{"line":31,"column":37},"end":{"line":31,"column":38}},"loc":{"start":{"line":31,"column":63},"end":{"line":41,"column":1}},"line":31}},"branchMap":{},"s":{"0":7,"1":4,"2":4,"3":4,"4":4,"5":4,"6":3,"7":1,"8":7,"9":5,"10":5,"11":5,"12":5,"13":3,"14":2,"15":7,"16":3,"17":3,"18":3,"19":3,"20":0},"f":{"0":4,"1":5,"2":3},"b":{},"inputSourceMap":null,"_coverageSchema":"1a1c01bbd47fc00a2c39e90264f33305004495a9","hash":"fc9afea3a4e2a1773e13f4cf8b25f701044b7cf6"}
,"/home/rafi/Documents/tugas-kuliah/semester4/software engginer prak/EIS-engine/src/controllers/quizzes.controller.js": {"path":"/home/rafi/Documents/tugas-kuliah/semester4/software engginer prak/EIS-engine/src/controllers/quizzes.controller.js","statementMap":{"0":{"start":{"line":4,"column":25},"end":{"line":19,"column":1}},"1":{"start":{"line":5,"column":2},"end":{"line":18,"column":3}},"2":{"start":{"line":7,"column":19},"end":{"line":7,"column":34}},"3":{"start":{"line":10,"column":43},"end":{"line":10,"column":52}},"4":{"start":{"line":12,"column":17},"end":{"line":12,"column":83}},"5":{"start":{"line":14,"column":4},"end":{"line":14,"column":69}},"6":{"start":{"line":16,"column":4},"end":{"line":16,"column":46}},"7":{"start":{"line":17,"column":4},"end":{"line":17,"column":16}},"8":{"start":{"line":21,"column":26},"end":{"line":32,"column":1}},"9":{"start":{"line":22,"column":2},"end":{"line":31,"column":3}},"10":{"start":{"line":23,"column":19},"end":{"line":23,"column":34}},"11":{"start":{"line":24,"column":43},"end":{"line":24,"column":51}},"12":{"start":{"line":26,"column":19},"end":{"line":26,"column":86}},"13":{"start":{"line":28,"column":4},"end":{"line":28,"column":75}},"14":{"start":{"line":30,"column":4},"end":{"line":30,"column":16}},"15":{"start":{"line":34,"column":29},"end":{"line":45,"column":1}},"16":{"start":{"line":35,"column":2},"end":{"line":44,"column":3}},"17":{"start":{"line":36,"column":19},"end":{"line":36,"column":34}},"18":{"start":{"line":37,"column":27},"end":{"line":37,"column":37}},"19":{"start":{"line":39,"column":19},"end":{"line":39,"column":73}},"20":{"start":{"line":41,"column":4},"end":{"line":41,"column":72}},"21":{"start":{"line":43,"column":4},"end":{"line":43,"column":16}},"22":{"start":{"line":47,"column":34},"end":{"line":56,"column":1}},"23":{"start":{"line":48,"column":2},"end":{"line":55,"column":3}},"24":{"start":{"line":49,"column":19},"end":{"line":49,"column":34}},"25":{"start":{"line":50,"column":19},"end":{"line":50,"column":66}},"26":{"start":{"line":52,"column":4},"end":{"line":52,"column":83}},"27":{"start":{"line":54,"column":4},"end":{"line":54,"column":16}}},"fnMap":{"0":{"name":"(anonymous_0)","decl":{"start":{"line":4,"column":25},"end":{"line":4,"column":26}},"loc":{"start":{"line":4,"column":51},"end":{"line":19,"column":1}},"line":4},"1":{"name":"(anonymous_1)","decl":{"start":{"line":21,"column":26},"end":{"line":21,"column":27}},"loc":{"start":{"line":21,"column":52},"end":{"line":32,"column":1}},"line":21},"2":{"name":"(anonymous_2)","decl":{"start":{"line":34,"column":29},"end":{"line":34,"column":30}},"loc":{"start":{"line":34,"column":55},"end":{"line":45,"column":1}},"line":34},"3":{"name":"(anonymous_3)","decl":{"start":{"line":47,"column":34},"end":{"line":47,"column":35}},"loc":{"start":{"line":47,"column":60},"end":{"line":56,"column":1}},"line":47}},"branchMap":{},"s":{"0":7,"1":3,"2":3,"3":3,"4":3,"5":2,"6":1,"7":1,"8":7,"9":3,"10":3,"11":3,"12":3,"13":1,"14":2,"15":7,"16":4,"17":4,"18":4,"19":4,"20":2,"21":2,"22":7,"23":2,"24":2,"25":2,"26":2,"27":0},"f":{"0":3,"1":3,"2":4,"3":2},"b":{},"inputSourceMap":null,"_coverageSchema":"1a1c01bbd47fc00a2c39e90264f33305004495a9","hash":"e8145838127b5cef77026fd962fa59520b038a3e"}
,"/home/rafi/Documents/tugas-kuliah/semester4/software engginer prak/EIS-engine/src/controllers/retention.controller.js": {"path":"/home/rafi/Documents/tugas-kuliah/semester4/software engginer prak/EIS-engine/src/controllers/retention.controller.js","statementMap":{"0":{"start":{"line":8,"column":32},"end":{"line":15,"column":1}},"1":{"start":{"line":9,"column":2},"end":{"line":14,"column":3}},"2":{"start":{"line":10,"column":19},"end":{"line":10,"column":60}},"3":{"start":{"line":11,"column":4},"end":{"line":11,"column":75}},"4":{"start":{"line":13,"column":4},"end":{"line":13,"column":16}},"5":{"start":{"line":21,"column":32},"end":{"line":29,"column":1}},"6":{"start":{"line":22,"column":2},"end":{"line":28,"column":3}},"7":{"start":{"line":23,"column":22},"end":{"line":23,"column":32}},"8":{"start":{"line":24,"column":19},"end":{"line":24,"column":65}},"9":{"start":{"line":25,"column":4},"end":{"line":25,"column":79}},"10":{"start":{"line":27,"column":4},"end":{"line":27,"column":16}},"11":{"start":{"line":35,"column":35},"end":{"line":44,"column":1}},"12":{"start":{"line":36,"column":2},"end":{"line":43,"column":3}},"13":{"start":{"line":37,"column":22},"end":{"line":37,"column":32}},"14":{"start":{"line":38,"column":24},"end":{"line":38,"column":32}},"15":{"start":{"line":39,"column":19},"end":{"line":39,"column":77}},"16":{"start":{"line":40,"column":4},"end":{"line":40,"column":83}},"17":{"start":{"line":42,"column":4},"end":{"line":42,"column":16}}},"fnMap":{"0":{"name":"(anonymous_0)","decl":{"start":{"line":8,"column":32},"end":{"line":8,"column":33}},"loc":{"start":{"line":8,"column":58},"end":{"line":15,"column":1}},"line":8},"1":{"name":"(anonymous_1)","decl":{"start":{"line":21,"column":32},"end":{"line":21,"column":33}},"loc":{"start":{"line":21,"column":58},"end":{"line":29,"column":1}},"line":21},"2":{"name":"(anonymous_2)","decl":{"start":{"line":35,"column":35},"end":{"line":35,"column":36}},"loc":{"start":{"line":35,"column":61},"end":{"line":44,"column":1}},"line":35}},"branchMap":{},"s":{"0":7,"1":3,"2":3,"3":3,"4":0,"5":7,"6":5,"7":5,"8":5,"9":2,"10":3,"11":7,"12":3,"13":3,"14":3,"15":3,"16":1,"17":2},"f":{"0":3,"1":5,"2":3},"b":{},"inputSourceMap":null,"_coverageSchema":"1a1c01bbd47fc00a2c39e90264f33305004495a9","hash":"40a94bf364f95b4dbca6f9097cd2e36b2a87af71"}
,"/home/rafi/Documents/tugas-kuliah/semester4/software engginer prak/EIS-engine/src/controllers/sessions.controller.js": {"path":"/home/rafi/Documents/tugas-kuliah/semester4/software engginer prak/EIS-engine/src/controllers/sessions.controller.js","statementMap":{"0":{"start":{"line":5,"column":28},"end":{"line":13,"column":1}},"1":{"start":{"line":6,"column":2},"end":{"line":12,"column":3}},"2":{"start":{"line":7,"column":23},"end":{"line":7,"column":31}},"3":{"start":{"line":8,"column":20},"end":{"line":8,"column":62}},"4":{"start":{"line":9,"column":4},"end":{"line":9,"column":77}},"5":{"start":{"line":11,"column":4},"end":{"line":11,"column":16}},"6":{"start":{"line":16,"column":26},"end":{"line":25,"column":1}},"7":{"start":{"line":17,"column":2},"end":{"line":24,"column":3}},"8":{"start":{"line":18,"column":23},"end":{"line":18,"column":31}},"9":{"start":{"line":19,"column":27},"end":{"line":19,"column":35}},"10":{"start":{"line":20,"column":20},"end":{"line":20,"column":72}},"11":{"start":{"line":21,"column":4},"end":{"line":21,"column":78}},"12":{"start":{"line":23,"column":4},"end":{"line":23,"column":16}},"13":{"start":{"line":28,"column":26},"end":{"line":36,"column":1}},"14":{"start":{"line":29,"column":2},"end":{"line":35,"column":3}},"15":{"start":{"line":30,"column":23},"end":{"line":30,"column":31}},"16":{"start":{"line":31,"column":21},"end":{"line":31,"column":68}},"17":{"start":{"line":32,"column":4},"end":{"line":32,"column":81}},"18":{"start":{"line":34,"column":4},"end":{"line":34,"column":16}}},"fnMap":{"0":{"name":"(anonymous_0)","decl":{"start":{"line":5,"column":28},"end":{"line":5,"column":29}},"loc":{"start":{"line":5,"column":54},"end":{"line":13,"column":1}},"line":5},"1":{"name":"(anonymous_1)","decl":{"start":{"line":16,"column":26},"end":{"line":16,"column":27}},"loc":{"start":{"line":16,"column":52},"end":{"line":25,"column":1}},"line":16},"2":{"name":"(anonymous_2)","decl":{"start":{"line":28,"column":26},"end":{"line":28,"column":27}},"loc":{"start":{"line":28,"column":52},"end":{"line":36,"column":1}},"line":28}},"branchMap":{},"s":{"0":7,"1":2,"2":2,"3":2,"4":1,"5":1,"6":7,"7":4,"8":4,"9":4,"10":4,"11":1,"12":3,"13":7,"14":2,"15":2,"16":2,"17":2,"18":0},"f":{"0":2,"1":4,"2":2},"b":{},"inputSourceMap":null,"_coverageSchema":"1a1c01bbd47fc00a2c39e90264f33305004495a9","hash":"2fc2a1678aadb4f927540f56e11434867ee77920"}
,"/home/rafi/Documents/tugas-kuliah/semester4/software engginer prak/EIS-engine/src/controllers/track.controller.js": {"path":"/home/rafi/Documents/tugas-kuliah/semester4/software engginer prak/EIS-engine/src/controllers/track.controller.js","statementMap":{"0":{"start":{"line":4,"column":23},"end":{"line":15,"column":1}},"1":{"start":{"line":5,"column":2},"end":{"line":14,"column":3}},"2":{"start":{"line":6,"column":44},"end":{"line":6,"column":52}},"3":{"start":{"line":7,"column":19},"end":{"line":7,"column":34}},"4":{"start":{"line":9,"column":19},"end":{"line":9,"column":82}},"5":{"start":{"line":11,"column":4},"end":{"line":11,"column":62}},"6":{"start":{"line":13,"column":4},"end":{"line":13,"column":16}},"7":{"start":{"line":17,"column":24},"end":{"line":28,"column":1}},"8":{"start":{"line":18,"column":2},"end":{"line":27,"column":3}},"9":{"start":{"line":19,"column":41},"end":{"line":19,"column":49}},"10":{"start":{"line":20,"column":19},"end":{"line":20,"column":34}},"11":{"start":{"line":22,"column":19},"end":{"line":22,"column":80}},"12":{"start":{"line":24,"column":4},"end":{"line":24,"column":71}},"13":{"start":{"line":26,"column":4},"end":{"line":26,"column":16}},"14":{"start":{"line":30,"column":22},"end":{"line":41,"column":1}},"15":{"start":{"line":31,"column":2},"end":{"line":40,"column":3}},"16":{"start":{"line":32,"column":68},"end":{"line":32,"column":76}},"17":{"start":{"line":33,"column":19},"end":{"line":33,"column":34}},"18":{"start":{"line":35,"column":19},"end":{"line":35,"column":105}},"19":{"start":{"line":37,"column":4},"end":{"line":37,"column":69}},"20":{"start":{"line":39,"column":4},"end":{"line":39,"column":16}},"21":{"start":{"line":43,"column":24},"end":{"line":54,"column":1}},"22":{"start":{"line":44,"column":2},"end":{"line":53,"column":3}},"23":{"start":{"line":45,"column":30},"end":{"line":45,"column":38}},"24":{"start":{"line":46,"column":19},"end":{"line":46,"column":34}},"25":{"start":{"line":48,"column":19},"end":{"line":48,"column":69}},"26":{"start":{"line":50,"column":4},"end":{"line":50,"column":62}},"27":{"start":{"line":52,"column":4},"end":{"line":52,"column":16}}},"fnMap":{"0":{"name":"(anonymous_0)","decl":{"start":{"line":4,"column":23},"end":{"line":4,"column":24}},"loc":{"start":{"line":4,"column":49},"end":{"line":15,"column":1}},"line":4},"1":{"name":"(anonymous_1)","decl":{"start":{"line":17,"column":24},"end":{"line":17,"column":25}},"loc":{"start":{"line":17,"column":50},"end":{"line":28,"column":1}},"line":17},"2":{"name":"(anonymous_2)","decl":{"start":{"line":30,"column":22},"end":{"line":30,"column":23}},"loc":{"start":{"line":30,"column":48},"end":{"line":41,"column":1}},"line":30},"3":{"name":"(anonymous_3)","decl":{"start":{"line":43,"column":24},"end":{"line":43,"column":25}},"loc":{"start":{"line":43,"column":50},"end":{"line":54,"column":1}},"line":43}},"branchMap":{},"s":{"0":7,"1":5,"2":5,"3":5,"4":5,"5":2,"6":3,"7":7,"8":6,"9":6,"10":6,"11":6,"12":4,"13":2,"14":7,"15":3,"16":3,"17":3,"18":3,"19":1,"20":2,"21":7,"22":4,"23":4,"24":4,"25":4,"26":1,"27":3},"f":{"0":5,"1":6,"2":3,"3":4},"b":{},"inputSourceMap":null,"_coverageSchema":"1a1c01bbd47fc00a2c39e90264f33305004495a9","hash":"1ab504d0a532bf411088e7266b0f6a3e1d7f5cfe"}
,"/home/rafi/Documents/tugas-kuliah/semester4/software engginer prak/EIS-engine/src/controllers/users.controller.js": {"path":"/home/rafi/Documents/tugas-kuliah/semester4/software engginer prak/EIS-engine/src/controllers/users.controller.js","statementMap":{"0":{"start":{"line":5,"column":28},"end":{"line":13,"column":1}},"1":{"start":{"line":6,"column":2},"end":{"line":12,"column":3}},"2":{"start":{"line":7,"column":33},"end":{"line":7,"column":41}},"3":{"start":{"line":8,"column":20},"end":{"line":8,"column":69}},"4":{"start":{"line":9,"column":4},"end":{"line":9,"column":65}},"5":{"start":{"line":11,"column":4},"end":{"line":11,"column":16}},"6":{"start":{"line":16,"column":26},"end":{"line":24,"column":1}},"7":{"start":{"line":17,"column":2},"end":{"line":23,"column":3}},"8":{"start":{"line":18,"column":22},"end":{"line":18,"column":30}},"9":{"start":{"line":19,"column":19},"end":{"line":19,"column":55}},"10":{"start":{"line":20,"column":4},"end":{"line":20,"column":74}},"11":{"start":{"line":22,"column":4},"end":{"line":22,"column":16}},"12":{"start":{"line":27,"column":25},"end":{"line":35,"column":1}},"13":{"start":{"line":28,"column":2},"end":{"line":34,"column":3}},"14":{"start":{"line":29,"column":27},"end":{"line":29,"column":35}},"15":{"start":{"line":30,"column":25},"end":{"line":30,"column":65}},"16":{"start":{"line":31,"column":4},"end":{"line":31,"column":92}},"17":{"start":{"line":33,"column":4},"end":{"line":33,"column":16}},"18":{"start":{"line":38,"column":30},"end":{"line":47,"column":1}},"19":{"start":{"line":39,"column":2},"end":{"line":46,"column":3}},"20":{"start":{"line":41,"column":23},"end":{"line":41,"column":31}},"21":{"start":{"line":42,"column":20},"end":{"line":42,"column":61}},"22":{"start":{"line":43,"column":4},"end":{"line":43,"column":78}},"23":{"start":{"line":45,"column":4},"end":{"line":45,"column":16}}},"fnMap":{"0":{"name":"(anonymous_0)","decl":{"start":{"line":5,"column":28},"end":{"line":5,"column":29}},"loc":{"start":{"line":5,"column":54},"end":{"line":13,"column":1}},"line":5},"1":{"name":"(anonymous_1)","decl":{"start":{"line":16,"column":26},"end":{"line":16,"column":27}},"loc":{"start":{"line":16,"column":52},"end":{"line":24,"column":1}},"line":16},"2":{"name":"(anonymous_2)","decl":{"start":{"line":27,"column":25},"end":{"line":27,"column":26}},"loc":{"start":{"line":27,"column":51},"end":{"line":35,"column":1}},"line":27},"3":{"name":"(anonymous_3)","decl":{"start":{"line":38,"column":30},"end":{"line":38,"column":31}},"loc":{"start":{"line":38,"column":56},"end":{"line":47,"column":1}},"line":38}},"branchMap":{},"s":{"0":7,"1":2,"2":2,"3":2,"4":1,"5":1,"6":7,"7":2,"8":2,"9":2,"10":1,"11":1,"12":7,"13":3,"14":3,"15":3,"16":1,"17":2,"18":7,"19":2,"20":2,"21":2,"22":1,"23":1},"f":{"0":2,"1":2,"2":3,"3":2},"b":{},"inputSourceMap":null,"_coverageSchema":"1a1c01bbd47fc00a2c39e90264f33305004495a9","hash":"54e85962242082a1856c9fa5218cbc0301255afc"}
,"/home/rafi/Documents/tugas-kuliah/semester4/software engginer prak/EIS-engine/src/middleware/adminAuth.middleware.js": {"path":"/home/rafi/Documents/tugas-kuliah/semester4/software engginer prak/EIS-engine/src/middleware/adminAuth.middleware.js","statementMap":{"0":{"start":{"line":3,"column":28},"end":{"line":8,"column":1}},"1":{"start":{"line":4,"column":2},"end":{"line":6,"column":3}},"2":{"start":{"line":5,"column":4},"end":{"line":5,"column":100}},"3":{"start":{"line":7,"column":2},"end":{"line":7,"column":9}}},"fnMap":{"0":{"name":"(anonymous_0)","decl":{"start":{"line":3,"column":28},"end":{"line":3,"column":29}},"loc":{"start":{"line":3,"column":48},"end":{"line":8,"column":1}},"line":3}},"branchMap":{"0":{"loc":{"start":{"line":4,"column":2},"end":{"line":6,"column":3}},"type":"if","locations":[{"start":{"line":4,"column":2},"end":{"line":6,"column":3}},{"start":{},"end":{}}],"line":4},"1":{"loc":{"start":{"line":4,"column":6},"end":{"line":4,"column":44}},"type":"binary-expr","locations":[{"start":{"line":4,"column":6},"end":{"line":4,"column":15}},{"start":{"line":4,"column":19},"end":{"line":4,"column":44}}],"line":4}},"s":{"0":7,"1":40,"2":7,"3":33},"f":{"0":40},"b":{"0":[7,33],"1":[40,40]},"inputSourceMap":null,"_coverageSchema":"1a1c01bbd47fc00a2c39e90264f33305004495a9","hash":"159884c09421d7589868a758afb68c09175e2a49"}
,"/home/rafi/Documents/tugas-kuliah/semester4/software engginer prak/EIS-engine/src/middleware/auth.middleware.js": {"path":"/home/rafi/Documents/tugas-kuliah/semester4/software engginer prak/EIS-engine/src/middleware/auth.middleware.js","statementMap":{"0":{"start":{"line":4,"column":28},"end":{"line":18,"column":1}},"1":{"start":{"line":5,"column":21},"end":{"line":5,"column":46}},"2":{"start":{"line":6,"column":2},"end":{"line":8,"column":3}},"3":{"start":{"line":7,"column":4},"end":{"line":7,"column":82}},"4":{"start":{"line":10,"column":16},"end":{"line":10,"column":40}},"5":{"start":{"line":11,"column":2},"end":{"line":17,"column":3}},"6":{"start":{"line":12,"column":20},"end":{"line":12,"column":61}},"7":{"start":{"line":13,"column":4},"end":{"line":13,"column":23}},"8":{"start":{"line":14,"column":4},"end":{"line":14,"column":11}},"9":{"start":{"line":16,"column":4},"end":{"line":16,"column":77}}},"fnMap":{"0":{"name":"(anonymous_0)","decl":{"start":{"line":4,"column":28},"end":{"line":4,"column":29}},"loc":{"start":{"line":4,"column":48},"end":{"line":18,"column":1}},"line":4}},"branchMap":{"0":{"loc":{"start":{"line":6,"column":2},"end":{"line":8,"column":3}},"type":"if","locations":[{"start":{"line":6,"column":2},"end":{"line":8,"column":3}},{"start":{},"end":{}}],"line":6},"1":{"loc":{"start":{"line":6,"column":6},"end":{"line":6,"column":54}},"type":"binary-expr","locations":[{"start":{"line":6,"column":6},"end":{"line":6,"column":17}},{"start":{"line":6,"column":21},"end":{"line":6,"column":54}}],"line":6}},"s":{"0":7,"1":125,"2":125,"3":21,"4":104,"5":104,"6":104,"7":102,"8":102,"9":2},"f":{"0":125},"b":{"0":[21,104],"1":[125,104]},"inputSourceMap":null,"_coverageSchema":"1a1c01bbd47fc00a2c39e90264f33305004495a9","hash":"642cef80492b4dbdcee33592e56d5f4ca5a1fdf0"}
,"/home/rafi/Documents/tugas-kuliah/semester4/software engginer prak/EIS-engine/src/middleware/cronAuth.middleware.js": {"path":"/home/rafi/Documents/tugas-kuliah/semester4/software engginer prak/EIS-engine/src/middleware/cronAuth.middleware.js","statementMap":{"0":{"start":{"line":4,"column":33},"end":{"line":19,"column":1}},"1":{"start":{"line":5,"column":17},"end":{"line":5,"column":45}},"2":{"start":{"line":6,"column":19},"end":{"line":6,"column":52}},"3":{"start":{"line":9,"column":19},"end":{"line":9,"column":44}},"4":{"start":{"line":10,"column":22},"end":{"line":10,"column":43}},"5":{"start":{"line":12,"column":2},"end":{"line":17,"column":3}},"6":{"start":{"line":16,"column":4},"end":{"line":16,"column":82}},"7":{"start":{"line":18,"column":2},"end":{"line":18,"column":9}}},"fnMap":{"0":{"name":"(anonymous_0)","decl":{"start":{"line":4,"column":33},"end":{"line":4,"column":34}},"loc":{"start":{"line":4,"column":53},"end":{"line":19,"column":1}},"line":4}},"branchMap":{"0":{"loc":{"start":{"line":6,"column":19},"end":{"line":6,"column":52}},"type":"binary-expr","locations":[{"start":{"line":6,"column":19},"end":{"line":6,"column":46}},{"start":{"line":6,"column":50},"end":{"line":6,"column":52}}],"line":6},"1":{"loc":{"start":{"line":9,"column":31},"end":{"line":9,"column":43}},"type":"binary-expr","locations":[{"start":{"line":9,"column":31},"end":{"line":9,"column":37}},{"start":{"line":9,"column":41},"end":{"line":9,"column":43}}],"line":9},"2":{"loc":{"start":{"line":12,"column":2},"end":{"line":17,"column":3}},"type":"if","locations":[{"start":{"line":12,"column":2},"end":{"line":17,"column":3}},{"start":{},"end":{}}],"line":12},"3":{"loc":{"start":{"line":13,"column":4},"end":{"line":14,"column":50}},"type":"binary-expr","locations":[{"start":{"line":13,"column":4},"end":{"line":13,"column":42}},{"start":{"line":14,"column":4},"end":{"line":14,"column":50}}],"line":13}},"s":{"0":7,"1":5,"2":5,"3":5,"4":5,"5":5,"6":2,"7":3},"f":{"0":5},"b":{"0":[5,0],"1":[5,1],"2":[2,3],"3":[5,3]},"inputSourceMap":null,"_coverageSchema":"1a1c01bbd47fc00a2c39e90264f33305004495a9","hash":"10d82dde223b20c0064f41e90ddbc9c2c89b37b9"}
,"/home/rafi/Documents/tugas-kuliah/semester4/software engginer prak/EIS-engine/src/middleware/error.middleware.js": {"path":"/home/rafi/Documents/tugas-kuliah/semester4/software engginer prak/EIS-engine/src/middleware/error.middleware.js","statementMap":{"0":{"start":{"line":3,"column":28},"end":{"line":33,"column":1}},"1":{"start":{"line":4,"column":38},"end":{"line":4,"column":41}},"2":{"start":{"line":7,"column":2},"end":{"line":17,"column":3}},"3":{"start":{"line":8,"column":4},"end":{"line":16,"column":5}},"4":{"start":{"line":9,"column":6},"end":{"line":9,"column":23}},"5":{"start":{"line":10,"column":6},"end":{"line":10,"column":24}},"6":{"start":{"line":11,"column":6},"end":{"line":11,"column":76}},"7":{"start":{"line":12,"column":11},"end":{"line":16,"column":5}},"8":{"start":{"line":13,"column":6},"end":{"line":13,"column":23}},"9":{"start":{"line":14,"column":6},"end":{"line":14,"column":25}},"10":{"start":{"line":15,"column":6},"end":{"line":15,"column":59}},"11":{"start":{"line":20,"column":2},"end":{"line":26,"column":3}},"12":{"start":{"line":21,"column":4},"end":{"line":21,"column":21}},"13":{"start":{"line":22,"column":4},"end":{"line":22,"column":28}},"14":{"start":{"line":23,"column":4},"end":{"line":23,"column":52}},"15":{"start":{"line":25,"column":4},"end":{"line":25,"column":65}},"16":{"start":{"line":28,"column":2},"end":{"line":30,"column":3}},"17":{"start":{"line":29,"column":4},"end":{"line":29,"column":60}},"18":{"start":{"line":32,"column":2},"end":{"line":32,"column":51}}},"fnMap":{"0":{"name":"(anonymous_0)","decl":{"start":{"line":3,"column":28},"end":{"line":3,"column":29}},"loc":{"start":{"line":3,"column":53},"end":{"line":33,"column":1}},"line":3}},"branchMap":{"0":{"loc":{"start":{"line":7,"column":2},"end":{"line":17,"column":3}},"type":"if","locations":[{"start":{"line":7,"column":2},"end":{"line":17,"column":3}},{"start":{},"end":{}}],"line":7},"1":{"loc":{"start":{"line":8,"column":4},"end":{"line":16,"column":5}},"type":"if","locations":[{"start":{"line":8,"column":4},"end":{"line":16,"column":5}},{"start":{"line":12,"column":11},"end":{"line":16,"column":5}}],"line":8},"2":{"loc":{"start":{"line":12,"column":11},"end":{"line":16,"column":5}},"type":"if","locations":[{"start":{"line":12,"column":11},"end":{"line":16,"column":5}},{"start":{},"end":{}}],"line":12},"3":{"loc":{"start":{"line":20,"column":2},"end":{"line":26,"column":3}},"type":"if","locations":[{"start":{"line":20,"column":2},"end":{"line":26,"column":3}},{"start":{},"end":{}}],"line":20},"4":{"loc":{"start":{"line":28,"column":2},"end":{"line":30,"column":3}},"type":"if","locations":[{"start":{"line":28,"column":2},"end":{"line":30,"column":3}},{"start":{},"end":{}}],"line":28}},"s":{"0":7,"1":102,"2":102,"3":0,"4":0,"5":0,"6":0,"7":0,"8":0,"9":0,"10":0,"11":102,"12":0,"13":0,"14":0,"15":0,"16":102,"17":0,"18":102},"f":{"0":102},"b":{"0":[0,102],"1":[0,0],"2":[0,0],"3":[0,102],"4":[0,102]},"inputSourceMap":null,"_coverageSchema":"1a1c01bbd47fc00a2c39e90264f33305004495a9","hash":"62d09f6678e3da9d7e37df3939c6057655b42e97"}
,"/home/rafi/Documents/tugas-kuliah/semester4/software engginer prak/EIS-engine/src/middleware/validate.middleware.js": {"path":"/home/rafi/Documents/tugas-kuliah/semester4/software engginer prak/EIS-engine/src/middleware/validate.middleware.js","statementMap":{"0":{"start":{"line":3,"column":24},"end":{"line":13,"column":1}},"1":{"start":{"line":3,"column":36},"end":{"line":13,"column":1}},"2":{"start":{"line":4,"column":17},"end":{"line":4,"column":43}},"3":{"start":{"line":5,"column":2},"end":{"line":10,"column":3}},"4":{"start":{"line":6,"column":21},"end":{"line":8,"column":17}},"5":{"start":{"line":7,"column":18},"end":{"line":7,"column":53}},"6":{"start":{"line":9,"column":4},"end":{"line":9,"column":64}},"7":{"start":{"line":11,"column":2},"end":{"line":11,"column":24}},"8":{"start":{"line":12,"column":2},"end":{"line":12,"column":8}},"9":{"start":{"line":15,"column":29},"end":{"line":31,"column":1}},"10":{"start":{"line":15,"column":41},"end":{"line":31,"column":1}},"11":{"start":{"line":16,"column":17},"end":{"line":16,"column":44}},"12":{"start":{"line":17,"column":2},"end":{"line":22,"column":3}},"13":{"start":{"line":18,"column":21},"end":{"line":20,"column":17}},"14":{"start":{"line":19,"column":18},"end":{"line":19,"column":53}},"15":{"start":{"line":21,"column":4},"end":{"line":21,"column":64}},"16":{"start":{"line":25,"column":2},"end":{"line":29,"column":4}},"17":{"start":{"line":30,"column":2},"end":{"line":30,"column":8}},"18":{"start":{"line":33,"column":30},"end":{"line":43,"column":1}},"19":{"start":{"line":33,"column":42},"end":{"line":43,"column":1}},"20":{"start":{"line":34,"column":17},"end":{"line":34,"column":45}},"21":{"start":{"line":35,"column":2},"end":{"line":40,"column":3}},"22":{"start":{"line":36,"column":21},"end":{"line":38,"column":17}},"23":{"start":{"line":37,"column":18},"end":{"line":37,"column":53}},"24":{"start":{"line":39,"column":4},"end":{"line":39,"column":64}},"25":{"start":{"line":41,"column":2},"end":{"line":41,"column":26}},"26":{"start":{"line":42,"column":2},"end":{"line":42,"column":8}}},"fnMap":{"0":{"name":"(anonymous_0)","decl":{"start":{"line":3,"column":24},"end":{"line":3,"column":25}},"loc":{"start":{"line":3,"column":36},"end":{"line":13,"column":1}},"line":3},"1":{"name":"(anonymous_1)","decl":{"start":{"line":3,"column":36},"end":{"line":3,"column":37}},"loc":{"start":{"line":3,"column":56},"end":{"line":13,"column":1}},"line":3},"2":{"name":"(anonymous_2)","decl":{"start":{"line":7,"column":11},"end":{"line":7,"column":12}},"loc":{"start":{"line":7,"column":18},"end":{"line":7,"column":53}},"line":7},"3":{"name":"(anonymous_3)","decl":{"start":{"line":15,"column":29},"end":{"line":15,"column":30}},"loc":{"start":{"line":15,"column":41},"end":{"line":31,"column":1}},"line":15},"4":{"name":"(anonymous_4)","decl":{"start":{"line":15,"column":41},"end":{"line":15,"column":42}},"loc":{"start":{"line":15,"column":61},"end":{"line":31,"column":1}},"line":15},"5":{"name":"(anonymous_5)","decl":{"start":{"line":19,"column":11},"end":{"line":19,"column":12}},"loc":{"start":{"line":19,"column":18},"end":{"line":19,"column":53}},"line":19},"6":{"name":"(anonymous_6)","decl":{"start":{"line":33,"column":30},"end":{"line":33,"column":31}},"loc":{"start":{"line":33,"column":42},"end":{"line":43,"column":1}},"line":33},"7":{"name":"(anonymous_7)","decl":{"start":{"line":33,"column":42},"end":{"line":33,"column":43}},"loc":{"start":{"line":33,"column":62},"end":{"line":43,"column":1}},"line":33},"8":{"name":"(anonymous_8)","decl":{"start":{"line":37,"column":11},"end":{"line":37,"column":12}},"loc":{"start":{"line":37,"column":18},"end":{"line":37,"column":53}},"line":37}},"branchMap":{"0":{"loc":{"start":{"line":5,"column":2},"end":{"line":10,"column":3}},"type":"if","locations":[{"start":{"line":5,"column":2},"end":{"line":10,"column":3}},{"start":{},"end":{}}],"line":5},"1":{"loc":{"start":{"line":17,"column":2},"end":{"line":22,"column":3}},"type":"if","locations":[{"start":{"line":17,"column":2},"end":{"line":22,"column":3}},{"start":{},"end":{}}],"line":17},"2":{"loc":{"start":{"line":35,"column":2},"end":{"line":40,"column":3}},"type":"if","locations":[{"start":{"line":35,"column":2},"end":{"line":40,"column":3}},{"start":{},"end":{}}],"line":35}},"s":{"0":7,"1":105,"2":74,"3":74,"4":26,"5":37,"6":26,"7":48,"8":48,"9":7,"10":21,"11":12,"12":12,"13":2,"14":3,"15":2,"16":10,"17":10,"18":7,"19":42,"20":30,"21":30,"22":4,"23":4,"24":4,"25":26,"26":26},"f":{"0":105,"1":74,"2":37,"3":21,"4":12,"5":3,"6":42,"7":30,"8":4},"b":{"0":[26,48],"1":[2,10],"2":[4,26]},"inputSourceMap":null,"_coverageSchema":"1a1c01bbd47fc00a2c39e90264f33305004495a9","hash":"141f7c3b7a5eae0974f1e2eaf9f1f33e57e58795"}
,"/home/rafi/Documents/tugas-kuliah/semester4/software engginer prak/EIS-engine/src/routes/admin.routes.js": {"path":"/home/rafi/Documents/tugas-kuliah/semester4/software engginer prak/EIS-engine/src/routes/admin.routes.js","statementMap":{"0":{"start":{"line":8,"column":15},"end":{"line":8,"column":23}},"1":{"start":{"line":11,"column":0},"end":{"line":17,"column":2}},"2":{"start":{"line":20,"column":0},"end":{"line":26,"column":2}},"3":{"start":{"line":29,"column":0},"end":{"line":35,"column":2}},"4":{"start":{"line":38,"column":0},"end":{"line":44,"column":2}},"5":{"start":{"line":47,"column":0},"end":{"line":53,"column":2}},"6":{"start":{"line":56,"column":0},"end":{"line":62,"column":2}}},"fnMap":{},"branchMap":{},"s":{"0":7,"1":7,"2":7,"3":7,"4":7,"5":7,"6":7},"f":{},"b":{},"inputSourceMap":null,"_coverageSchema":"1a1c01bbd47fc00a2c39e90264f33305004495a9","hash":"912d150f0b1ef19ef7353e89f5cfb0e085a27e2d"}
,"/home/rafi/Documents/tugas-kuliah/semester4/software engginer prak/EIS-engine/src/routes/analytics.routes.js": {"path":"/home/rafi/Documents/tugas-kuliah/semester4/software engginer prak/EIS-engine/src/routes/analytics.routes.js","statementMap":{"0":{"start":{"line":8,"column":15},"end":{"line":8,"column":31}},"1":{"start":{"line":11,"column":0},"end":{"line":11,"column":113}},"2":{"start":{"line":14,"column":0},"end":{"line":14,"column":88}},"3":{"start":{"line":17,"column":0},"end":{"line":17,"column":107}}},"fnMap":{},"branchMap":{},"s":{"0":7,"1":7,"2":7,"3":7},"f":{},"b":{},"inputSourceMap":null,"_coverageSchema":"1a1c01bbd47fc00a2c39e90264f33305004495a9","hash":"3ea4ebdd0f8e7c6fa0ff2645c4b0ddcf195f0410"}
,"/home/rafi/Documents/tugas-kuliah/semester4/software engginer prak/EIS-engine/src/routes/quizzes.routes.js": {"path":"/home/rafi/Documents/tugas-kuliah/semester4/software engginer prak/EIS-engine/src/routes/quizzes.routes.js","statementMap":{"0":{"start":{"line":7,"column":15},"end":{"line":7,"column":31}},"1":{"start":{"line":11,"column":0},"end":{"line":11,"column":78}},"2":{"start":{"line":15,"column":0},"end":{"line":15,"column":77}},"3":{"start":{"line":19,"column":0},"end":{"line":19,"column":100}},"4":{"start":{"line":23,"column":0},"end":{"line":23,"column":66}}},"fnMap":{},"branchMap":{},"s":{"0":7,"1":7,"2":7,"3":7,"4":7},"f":{},"b":{},"inputSourceMap":null,"_coverageSchema":"1a1c01bbd47fc00a2c39e90264f33305004495a9","hash":"d07ddd405a98ff7448d875e5e03aa2b599f94875"}
,"/home/rafi/Documents/tugas-kuliah/semester4/software engginer prak/EIS-engine/src/routes/retention.routes.js": {"path":"/home/rafi/Documents/tugas-kuliah/semester4/software engginer prak/EIS-engine/src/routes/retention.routes.js","statementMap":{"0":{"start":{"line":11,"column":15},"end":{"line":11,"column":23}},"1":{"start":{"line":16,"column":0},"end":{"line":21,"column":2}},"2":{"start":{"line":25,"column":0},"end":{"line":29,"column":2}},"3":{"start":{"line":33,"column":0},"end":{"line":38,"column":2}}},"fnMap":{},"branchMap":{},"s":{"0":7,"1":7,"2":7,"3":7},"f":{},"b":{},"inputSourceMap":null,"_coverageSchema":"1a1c01bbd47fc00a2c39e90264f33305004495a9","hash":"744b9e3c525e63f41c5c9960fcaa340baa42f884"}
,"/home/rafi/Documents/tugas-kuliah/semester4/software engginer prak/EIS-engine/src/routes/sessions.routes.js": {"path":"/home/rafi/Documents/tugas-kuliah/semester4/software engginer prak/EIS-engine/src/routes/sessions.routes.js","statementMap":{"0":{"start":{"line":7,"column":15},"end":{"line":7,"column":31}},"1":{"start":{"line":11,"column":0},"end":{"line":11,"column":50}},"2":{"start":{"line":12,"column":0},"end":{"line":12,"column":74}},"3":{"start":{"line":13,"column":0},"end":{"line":13,"column":49}}},"fnMap":{},"branchMap":{},"s":{"0":7,"1":7,"2":7,"3":7},"f":{},"b":{},"inputSourceMap":null,"_coverageSchema":"1a1c01bbd47fc00a2c39e90264f33305004495a9","hash":"c277ae89a1b9f285262bd243edc43f2e5675b0cf"}
,"/home/rafi/Documents/tugas-kuliah/semester4/software engginer prak/EIS-engine/src/routes/track.routes.js": {"path":"/home/rafi/Documents/tugas-kuliah/semester4/software engginer prak/EIS-engine/src/routes/track.routes.js","statementMap":{"0":{"start":{"line":7,"column":15},"end":{"line":7,"column":23}},"1":{"start":{"line":9,"column":0},"end":{"line":9,"column":88}},"2":{"start":{"line":10,"column":0},"end":{"line":10,"column":92}},"3":{"start":{"line":11,"column":0},"end":{"line":11,"column":86}},"4":{"start":{"line":12,"column":0},"end":{"line":12,"column":91}}},"fnMap":{},"branchMap":{},"s":{"0":7,"1":7,"2":7,"3":7,"4":7},"f":{},"b":{},"inputSourceMap":null,"_coverageSchema":"1a1c01bbd47fc00a2c39e90264f33305004495a9","hash":"91d8e2831b1da050c3e59b55f654873a0522655c"}
,"/home/rafi/Documents/tugas-kuliah/semester4/software engginer prak/EIS-engine/src/routes/users.routes.js": {"path":"/home/rafi/Documents/tugas-kuliah/semester4/software engginer prak/EIS-engine/src/routes/users.routes.js","statementMap":{"0":{"start":{"line":16,"column":15},"end":{"line":16,"column":31}},"1":{"start":{"line":19,"column":0},"end":{"line":19,"column":69}},"2":{"start":{"line":20,"column":0},"end":{"line":20,"column":68}},"3":{"start":{"line":21,"column":0},"end":{"line":21,"column":65}},"4":{"start":{"line":24,"column":0},"end":{"line":24,"column":53}}},"fnMap":{},"branchMap":{},"s":{"0":7,"1":7,"2":7,"3":7,"4":7},"f":{},"b":{},"inputSourceMap":null,"_coverageSchema":"1a1c01bbd47fc00a2c39e90264f33305004495a9","hash":"809d95236edd72655381e23b07cf70d04411e410"}
,"/home/rafi/Documents/tugas-kuliah/semester4/software engginer prak/EIS-engine/src/services/admin.service.js": {"path":"/home/rafi/Documents/tugas-kuliah/semester4/software engginer prak/EIS-engine/src/services/admin.service.js","statementMap":{"0":{"start":{"line":7,"column":29},"end":{"line":14,"column":1}},"1":{"start":{"line":8,"column":16},"end":{"line":8,"column":54}},"2":{"start":{"line":9,"column":18},"end":{"line":9,"column":20}},"3":{"start":{"line":10,"column":2},"end":{"line":12,"column":3}},"4":{"start":{"line":10,"column":15},"end":{"line":10,"column":16}},"5":{"start":{"line":11,"column":4},"end":{"line":11,"column":72}},"6":{"start":{"line":13,"column":2},"end":{"line":13,"column":19}},"7":{"start":{"line":23,"column":29},"end":{"line":100,"column":1}},"8":{"start":{"line":25,"column":26},"end":{"line":32,"column":4}},"9":{"start":{"line":34,"column":2},"end":{"line":36,"column":3}},"10":{"start":{"line":35,"column":4},"end":{"line":35,"column":72}},"11":{"start":{"line":41,"column":24},"end":{"line":45,"column":24}},"12":{"start":{"line":47,"column":25},"end":{"line":47,"column":77}},"13":{"start":{"line":50,"column":2},"end":{"line":99,"column":3}},"14":{"start":{"line":51,"column":23},"end":{"line":68,"column":6}},"15":{"start":{"line":70,"column":4},"end":{"line":70,"column":22}},"16":{"start":{"line":73,"column":4},"end":{"line":95,"column":5}},"17":{"start":{"line":74,"column":6},"end":{"line":74,"column":78}},"18":{"start":{"line":76,"column":25},"end":{"line":93,"column":8}},"19":{"start":{"line":94,"column":6},"end":{"line":94,"column":24}},"20":{"start":{"line":98,"column":4},"end":{"line":98,"column":16}},"21":{"start":{"line":108,"column":27},"end":{"line":178,"column":1}},"22":{"start":{"line":109,"column":2},"end":{"line":177,"column":3}},"23":{"start":{"line":110,"column":37},"end":{"line":110,"column":44}},"24":{"start":{"line":111,"column":18},"end":{"line":111,"column":20}},"25":{"start":{"line":113,"column":4},"end":{"line":115,"column":5}},"26":{"start":{"line":114,"column":6},"end":{"line":114,"column":33}},"27":{"start":{"line":117,"column":4},"end":{"line":122,"column":5}},"28":{"start":{"line":118,"column":6},"end":{"line":121,"column":8}},"29":{"start":{"line":124,"column":21},"end":{"line":141,"column":6}},"30":{"start":{"line":143,"column":4},"end":{"line":169,"column":7}},"31":{"start":{"line":144,"column":28},"end":{"line":157,"column":7}},"32":{"start":{"line":146,"column":53},"end":{"line":146,"column":79}},"33":{"start":{"line":147,"column":43},"end":{"line":147,"column":68}},"34":{"start":{"line":150,"column":53},"end":{"line":150,"column":78}},"35":{"start":{"line":151,"column":43},"end":{"line":151,"column":67}},"36":{"start":{"line":154,"column":53},"end":{"line":154,"column":79}},"37":{"start":{"line":155,"column":43},"end":{"line":155,"column":68}},"38":{"start":{"line":159,"column":6},"end":{"line":168,"column":8}},"39":{"start":{"line":171,"column":4},"end":{"line":171,"column":47}},"40":{"start":{"line":171,"column":35},"end":{"line":171,"column":47}},"41":{"start":{"line":172,"column":4},"end":{"line":176,"column":6}},"42":{"start":{"line":184,"column":29},"end":{"line":212,"column":1}},"43":{"start":{"line":185,"column":18},"end":{"line":187,"column":4}},"44":{"start":{"line":189,"column":2},"end":{"line":191,"column":3}},"45":{"start":{"line":190,"column":4},"end":{"line":190,"column":76}},"46":{"start":{"line":193,"column":2},"end":{"line":195,"column":3}},"47":{"start":{"line":194,"column":4},"end":{"line":194,"column":69}},"48":{"start":{"line":197,"column":25},"end":{"line":209,"column":4}},"49":{"start":{"line":211,"column":2},"end":{"line":211,"column":24}},"50":{"start":{"line":222,"column":29},"end":{"line":271,"column":1}},"51":{"start":{"line":223,"column":2},"end":{"line":270,"column":3}},"52":{"start":{"line":225,"column":20},"end":{"line":227,"column":6}},"53":{"start":{"line":229,"column":4},"end":{"line":231,"column":5}},"54":{"start":{"line":230,"column":6},"end":{"line":230,"column":78}},"55":{"start":{"line":234,"column":20},"end":{"line":260,"column":6}},"56":{"start":{"line":262,"column":4},"end":{"line":262,"column":19}},"57":{"start":{"line":264,"column":4},"end":{"line":264,"column":47}},"58":{"start":{"line":264,"column":35},"end":{"line":264,"column":47}},"59":{"start":{"line":265,"column":4},"end":{"line":269,"column":6}},"60":{"start":{"line":282,"column":27},"end":{"line":322,"column":1}},"61":{"start":{"line":283,"column":2},"end":{"line":321,"column":3}},"62":{"start":{"line":285,"column":20},"end":{"line":287,"column":6}},"63":{"start":{"line":289,"column":4},"end":{"line":291,"column":5}},"64":{"start":{"line":290,"column":6},"end":{"line":290,"column":78}},"65":{"start":{"line":294,"column":18},"end":{"line":311,"column":6}},"66":{"start":{"line":313,"column":4},"end":{"line":313,"column":17}},"67":{"start":{"line":315,"column":4},"end":{"line":315,"column":47}},"68":{"start":{"line":315,"column":35},"end":{"line":315,"column":47}},"69":{"start":{"line":316,"column":4},"end":{"line":320,"column":6}},"70":{"start":{"line":334,"column":26},"end":{"line":400,"column":1}},"71":{"start":{"line":336,"column":2},"end":{"line":353,"column":3}},"72":{"start":{"line":337,"column":4},"end":{"line":339,"column":5}},"73":{"start":{"line":338,"column":6},"end":{"line":338,"column":101}},"74":{"start":{"line":342,"column":20},"end":{"line":344,"column":6}},"75":{"start":{"line":346,"column":4},"end":{"line":348,"column":5}},"76":{"start":{"line":347,"column":6},"end":{"line":347,"column":78}},"77":{"start":{"line":349,"column":9},"end":{"line":353,"column":3}},"78":{"start":{"line":350,"column":4},"end":{"line":352,"column":5}},"79":{"start":{"line":351,"column":6},"end":{"line":351,"column":99}},"80":{"start":{"line":355,"column":2},"end":{"line":399,"column":3}},"81":{"start":{"line":357,"column":19},"end":{"line":389,"column":6}},"82":{"start":{"line":359,"column":19},"end":{"line":367,"column":8}},"83":{"start":{"line":370,"column":28},"end":{"line":379,"column":9}},"84":{"start":{"line":370,"column":50},"end":{"line":379,"column":7}},"85":{"start":{"line":381,"column":24},"end":{"line":383,"column":8}},"86":{"start":{"line":385,"column":6},"end":{"line":388,"column":8}},"87":{"start":{"line":391,"column":4},"end":{"line":391,"column":18}},"88":{"start":{"line":393,"column":4},"end":{"line":393,"column":47}},"89":{"start":{"line":393,"column":35},"end":{"line":393,"column":47}},"90":{"start":{"line":394,"column":4},"end":{"line":398,"column":6}}},"fnMap":{"0":{"name":"(anonymous_0)","decl":{"start":{"line":7,"column":29},"end":{"line":7,"column":30}},"loc":{"start":{"line":7,"column":35},"end":{"line":14,"column":1}},"line":7},"1":{"name":"(anonymous_1)","decl":{"start":{"line":23,"column":29},"end":{"line":23,"column":30}},"loc":{"start":{"line":23,"column":72},"end":{"line":100,"column":1}},"line":23},"2":{"name":"(anonymous_2)","decl":{"start":{"line":108,"column":27},"end":{"line":108,"column":28}},"loc":{"start":{"line":108,"column":51},"end":{"line":178,"column":1}},"line":108},"3":{"name":"(anonymous_3)","decl":{"start":{"line":143,"column":24},"end":{"line":143,"column":25}},"loc":{"start":{"line":143,"column":37},"end":{"line":169,"column":5}},"line":143},"4":{"name":"(anonymous_4)","decl":{"start":{"line":146,"column":45},"end":{"line":146,"column":46}},"loc":{"start":{"line":146,"column":53},"end":{"line":146,"column":79}},"line":146},"5":{"name":"(anonymous_5)","decl":{"start":{"line":147,"column":36},"end":{"line":147,"column":37}},"loc":{"start":{"line":147,"column":43},"end":{"line":147,"column":68}},"line":147},"6":{"name":"(anonymous_6)","decl":{"start":{"line":150,"column":45},"end":{"line":150,"column":46}},"loc":{"start":{"line":150,"column":53},"end":{"line":150,"column":78}},"line":150},"7":{"name":"(anonymous_7)","decl":{"start":{"line":151,"column":36},"end":{"line":151,"column":37}},"loc":{"start":{"line":151,"column":43},"end":{"line":151,"column":67}},"line":151},"8":{"name":"(anonymous_8)","decl":{"start":{"line":154,"column":45},"end":{"line":154,"column":46}},"loc":{"start":{"line":154,"column":53},"end":{"line":154,"column":79}},"line":154},"9":{"name":"(anonymous_9)","decl":{"start":{"line":155,"column":36},"end":{"line":155,"column":37}},"loc":{"start":{"line":155,"column":43},"end":{"line":155,"column":68}},"line":155},"10":{"name":"(anonymous_10)","decl":{"start":{"line":184,"column":29},"end":{"line":184,"column":30}},"loc":{"start":{"line":184,"column":50},"end":{"line":212,"column":1}},"line":184},"11":{"name":"(anonymous_11)","decl":{"start":{"line":222,"column":29},"end":{"line":222,"column":30}},"loc":{"start":{"line":222,"column":94},"end":{"line":271,"column":1}},"line":222},"12":{"name":"(anonymous_12)","decl":{"start":{"line":282,"column":27},"end":{"line":282,"column":28}},"loc":{"start":{"line":282,"column":92},"end":{"line":322,"column":1}},"line":282},"13":{"name":"(anonymous_13)","decl":{"start":{"line":334,"column":26},"end":{"line":334,"column":27}},"loc":{"start":{"line":334,"column":99},"end":{"line":400,"column":1}},"line":334},"14":{"name":"(anonymous_14)","decl":{"start":{"line":357,"column":45},"end":{"line":357,"column":46}},"loc":{"start":{"line":357,"column":59},"end":{"line":389,"column":5}},"line":357},"15":{"name":"(anonymous_15)","decl":{"start":{"line":370,"column":42},"end":{"line":370,"column":43}},"loc":{"start":{"line":370,"column":50},"end":{"line":379,"column":7}},"line":370}},"branchMap":{"0":{"loc":{"start":{"line":34,"column":2},"end":{"line":36,"column":3}},"type":"if","locations":[{"start":{"line":34,"column":2},"end":{"line":36,"column":3}},{"start":{},"end":{}}],"line":34},"1":{"loc":{"start":{"line":73,"column":4},"end":{"line":95,"column":5}},"type":"if","locations":[{"start":{"line":73,"column":4},"end":{"line":95,"column":5}},{"start":{},"end":{}}],"line":73},"2":{"loc":{"start":{"line":73,"column":8},"end":{"line":73,"column":82}},"type":"binary-expr","locations":[{"start":{"line":73,"column":8},"end":{"line":73,"column":30}},{"start":{"line":73,"column":34},"end":{"line":73,"column":82}}],"line":73},"3":{"loc":{"start":{"line":108,"column":34},"end":{"line":108,"column":46}},"type":"default-arg","locations":[{"start":{"line":108,"column":44},"end":{"line":108,"column":46}}],"line":108},"4":{"loc":{"start":{"line":113,"column":4},"end":{"line":115,"column":5}},"type":"if","locations":[{"start":{"line":113,"column":4},"end":{"line":115,"column":5}},{"start":{},"end":{}}],"line":113},"5":{"loc":{"start":{"line":117,"column":4},"end":{"line":122,"column":5}},"type":"if","locations":[{"start":{"line":117,"column":4},"end":{"line":122,"column":5}},{"start":{},"end":{}}],"line":117},"6":{"loc":{"start":{"line":117,"column":8},"end":{"line":117,"column":58}},"type":"binary-expr","locations":[{"start":{"line":117,"column":8},"end":{"line":117,"column":31}},{"start":{"line":117,"column":35},"end":{"line":117,"column":58}}],"line":117},"7":{"loc":{"start":{"line":171,"column":4},"end":{"line":171,"column":47}},"type":"if","locations":[{"start":{"line":171,"column":4},"end":{"line":171,"column":47}},{"start":{},"end":{}}],"line":171},"8":{"loc":{"start":{"line":189,"column":2},"end":{"line":191,"column":3}},"type":"if","locations":[{"start":{"line":189,"column":2},"end":{"line":191,"column":3}},{"start":{},"end":{}}],"line":189},"9":{"loc":{"start":{"line":193,"column":2},"end":{"line":195,"column":3}},"type":"if","locations":[{"start":{"line":193,"column":2},"end":{"line":195,"column":3}},{"start":{},"end":{}}],"line":193},"10":{"loc":{"start":{"line":229,"column":4},"end":{"line":231,"column":5}},"type":"if","locations":[{"start":{"line":229,"column":4},"end":{"line":231,"column":5}},{"start":{},"end":{}}],"line":229},"11":{"loc":{"start":{"line":229,"column":8},"end":{"line":229,"column":37}},"type":"binary-expr","locations":[{"start":{"line":229,"column":8},"end":{"line":229,"column":16}},{"start":{"line":229,"column":20},"end":{"line":229,"column":37}}],"line":229},"12":{"loc":{"start":{"line":264,"column":4},"end":{"line":264,"column":47}},"type":"if","locations":[{"start":{"line":264,"column":4},"end":{"line":264,"column":47}},{"start":{},"end":{}}],"line":264},"13":{"loc":{"start":{"line":289,"column":4},"end":{"line":291,"column":5}},"type":"if","locations":[{"start":{"line":289,"column":4},"end":{"line":291,"column":5}},{"start":{},"end":{}}],"line":289},"14":{"loc":{"start":{"line":289,"column":8},"end":{"line":289,"column":37}},"type":"binary-expr","locations":[{"start":{"line":289,"column":8},"end":{"line":289,"column":16}},{"start":{"line":289,"column":20},"end":{"line":289,"column":37}}],"line":289},"15":{"loc":{"start":{"line":315,"column":4},"end":{"line":315,"column":47}},"type":"if","locations":[{"start":{"line":315,"column":4},"end":{"line":315,"column":47}},{"start":{},"end":{}}],"line":315},"16":{"loc":{"start":{"line":336,"column":2},"end":{"line":353,"column":3}},"type":"if","locations":[{"start":{"line":336,"column":2},"end":{"line":353,"column":3}},{"start":{"line":349,"column":9},"end":{"line":353,"column":3}}],"line":336},"17":{"loc":{"start":{"line":337,"column":4},"end":{"line":339,"column":5}},"type":"if","locations":[{"start":{"line":337,"column":4},"end":{"line":339,"column":5}},{"start":{},"end":{}}],"line":337},"18":{"loc":{"start":{"line":337,"column":8},"end":{"line":337,"column":53}},"type":"binary-expr","locations":[{"start":{"line":337,"column":8},"end":{"line":337,"column":31}},{"start":{"line":337,"column":35},"end":{"line":337,"column":53}}],"line":337},"19":{"loc":{"start":{"line":346,"column":4},"end":{"line":348,"column":5}},"type":"if","locations":[{"start":{"line":346,"column":4},"end":{"line":348,"column":5}},{"start":{},"end":{}}],"line":346},"20":{"loc":{"start":{"line":346,"column":8},"end":{"line":346,"column":37}},"type":"binary-expr","locations":[{"start":{"line":346,"column":8},"end":{"line":346,"column":16}},{"start":{"line":346,"column":20},"end":{"line":346,"column":37}}],"line":346},"21":{"loc":{"start":{"line":349,"column":9},"end":{"line":353,"column":3}},"type":"if","locations":[{"start":{"line":349,"column":9},"end":{"line":353,"column":3}},{"start":{},"end":{}}],"line":349},"22":{"loc":{"start":{"line":350,"column":4},"end":{"line":352,"column":5}},"type":"if","locations":[{"start":{"line":350,"column":4},"end":{"line":352,"column":5}},{"start":{},"end":{}}],"line":350},"23":{"loc":{"start":{"line":350,"column":8},"end":{"line":350,"column":53}},"type":"binary-expr","locations":[{"start":{"line":350,"column":8},"end":{"line":350,"column":31}},{"start":{"line":350,"column":35},"end":{"line":350,"column":53}}],"line":350},"24":{"loc":{"start":{"line":361,"column":21},"end":{"line":361,"column":58}},"type":"cond-expr","locations":[{"start":{"line":361,"column":42},"end":{"line":361,"column":46}},{"start":{"line":361,"column":49},"end":{"line":361,"column":58}}],"line":361},"25":{"loc":{"start":{"line":378,"column":16},"end":{"line":378,"column":30}},"type":"binary-expr","locations":[{"start":{"line":378,"column":16},"end":{"line":378,"column":24}},{"start":{"line":378,"column":28},"end":{"line":378,"column":30}}],"line":378},"26":{"loc":{"start":{"line":393,"column":4},"end":{"line":393,"column":47}},"type":"if","locations":[{"start":{"line":393,"column":4},"end":{"line":393,"column":47}},{"start":{},"end":{}}],"line":393}},"s":{"0":7,"1":1,"2":1,"3":1,"4":1,"5":6,"6":1,"7":7,"8":2,"9":2,"10":1,"11":1,"12":1,"13":1,"14":1,"15":1,"16":0,"17":0,"18":0,"19":0,"20":0,"21":7,"22":4,"23":4,"24":4,"25":4,"26":1,"27":4,"28":2,"29":4,"30":4,"31":3,"32":6,"33":6,"34":6,"35":6,"36":3,"37":3,"38":3,"39":0,"40":0,"41":0,"42":7,"43":3,"44":3,"45":1,"46":2,"47":1,"48":1,"49":1,"50":7,"51":3,"52":3,"53":3,"54":1,"55":2,"56":2,"57":1,"58":1,"59":0,"60":7,"61":2,"62":2,"63":2,"64":1,"65":1,"66":1,"67":1,"68":1,"69":0,"70":7,"71":3,"72":2,"73":0,"74":2,"75":2,"76":1,"77":1,"78":1,"79":0,"80":2,"81":2,"82":2,"83":2,"84":2,"85":2,"86":2,"87":2,"88":0,"89":0,"90":0},"f":{"0":1,"1":2,"2":4,"3":3,"4":6,"5":6,"6":6,"7":6,"8":3,"9":3,"10":3,"11":3,"12":2,"13":3,"14":2,"15":2},"b":{"0":[1,1],"1":[0,0],"2":[0,0],"3":[0],"4":[1,3],"5":[2,2],"6":[4,2],"7":[0,0],"8":[1,2],"9":[1,1],"10":[1,2],"11":[3,2],"12":[1,0],"13":[1,1],"14":[2,1],"15":[1,0],"16":[2,1],"17":[0,2],"18":[2,2],"19":[1,1],"20":[2,1],"21":[1,0],"22":[0,1],"23":[1,1],"24":[1,1],"25":[2,0],"26":[0,0]},"inputSourceMap":null,"_coverageSchema":"1a1c01bbd47fc00a2c39e90264f33305004495a9","hash":"6f720ec95aa0aae84428645576ba843566fb7f2e"}
,"/home/rafi/Documents/tugas-kuliah/semester4/software engginer prak/EIS-engine/src/services/analytics.service.js": {"path":"/home/rafi/Documents/tugas-kuliah/semester4/software engginer prak/EIS-engine/src/services/analytics.service.js","statementMap":{"0":{"start":{"line":5,"column":27},"end":{"line":64,"column":1}},"1":{"start":{"line":6,"column":2},"end":{"line":63,"column":3}},"2":{"start":{"line":8,"column":4},"end":{"line":10,"column":5}},"3":{"start":{"line":9,"column":6},"end":{"line":9,"column":105}},"4":{"start":{"line":13,"column":21},"end":{"line":31,"column":6}},"5":{"start":{"line":34,"column":17},"end":{"line":49,"column":5}},"6":{"start":{"line":52,"column":29},"end":{"line":52,"column":60}},"7":{"start":{"line":55,"column":4},"end":{"line":59,"column":6}},"8":{"start":{"line":61,"column":4},"end":{"line":61,"column":47}},"9":{"start":{"line":61,"column":35},"end":{"line":61,"column":47}},"10":{"start":{"line":62,"column":4},"end":{"line":62,"column":103}},"11":{"start":{"line":66,"column":35},"end":{"line":191,"column":1}},"12":{"start":{"line":67,"column":2},"end":{"line":190,"column":3}},"13":{"start":{"line":68,"column":20},"end":{"line":83,"column":6}},"14":{"start":{"line":85,"column":4},"end":{"line":87,"column":5}},"15":{"start":{"line":86,"column":6},"end":{"line":86,"column":85}},"16":{"start":{"line":90,"column":4},"end":{"line":92,"column":5}},"17":{"start":{"line":91,"column":6},"end":{"line":91,"column":104}},"18":{"start":{"line":95,"column":26},"end":{"line":95,"column":100}},"19":{"start":{"line":95,"column":66},"end":{"line":95,"column":96}},"20":{"start":{"line":98,"column":24},"end":{"line":103,"column":5}},"21":{"start":{"line":105,"column":4},"end":{"line":110,"column":7}},"22":{"start":{"line":106,"column":6},"end":{"line":106,"column":46}},"23":{"start":{"line":106,"column":26},"end":{"line":106,"column":46}},"24":{"start":{"line":107,"column":6},"end":{"line":107,"column":46}},"25":{"start":{"line":107,"column":26},"end":{"line":107,"column":46}},"26":{"start":{"line":108,"column":6},"end":{"line":108,"column":59}},"27":{"start":{"line":108,"column":27},"end":{"line":108,"column":59}},"28":{"start":{"line":109,"column":6},"end":{"line":109,"column":62}},"29":{"start":{"line":109,"column":32},"end":{"line":109,"column":62}},"30":{"start":{"line":112,"column":24},"end":{"line":112,"column":28}},"31":{"start":{"line":113,"column":20},"end":{"line":113,"column":21}},"32":{"start":{"line":114,"column":4},"end":{"line":119,"column":5}},"33":{"start":{"line":115,"column":6},"end":{"line":118,"column":7}},"34":{"start":{"line":116,"column":8},"end":{"line":116,"column":26}},"35":{"start":{"line":117,"column":8},"end":{"line":117,"column":30}},"36":{"start":{"line":122,"column":21},"end":{"line":143,"column":7}},"37":{"start":{"line":122,"column":52},"end":{"line":143,"column":5}},"38":{"start":{"line":136,"column":37},"end":{"line":142,"column":7}},"39":{"start":{"line":146,"column":27},"end":{"line":146,"column":88}},"40":{"start":{"line":146,"column":58},"end":{"line":146,"column":87}},"41":{"start":{"line":147,"column":28},"end":{"line":147,"column":90}},"42":{"start":{"line":147,"column":59},"end":{"line":147,"column":89}},"43":{"start":{"line":149,"column":24},"end":{"line":170,"column":5}},"44":{"start":{"line":172,"column":4},"end":{"line":186,"column":6}},"45":{"start":{"line":188,"column":4},"end":{"line":188,"column":47}},"46":{"start":{"line":188,"column":35},"end":{"line":188,"column":47}},"47":{"start":{"line":189,"column":4},"end":{"line":189,"column":103}},"48":{"start":{"line":193,"column":37},"end":{"line":359,"column":1}},"49":{"start":{"line":194,"column":2},"end":{"line":358,"column":3}},"50":{"start":{"line":196,"column":22},"end":{"line":196,"column":41}},"51":{"start":{"line":197,"column":4},"end":{"line":199,"column":5}},"52":{"start":{"line":198,"column":6},"end":{"line":198,"column":43}},"53":{"start":{"line":200,"column":4},"end":{"line":209,"column":5}},"54":{"start":{"line":201,"column":6},"end":{"line":208,"column":8}},"55":{"start":{"line":211,"column":21},"end":{"line":224,"column":5}},"56":{"start":{"line":226,"column":29},"end":{"line":239,"column":5}},"57":{"start":{"line":243,"column":27},"end":{"line":243,"column":72}},"58":{"start":{"line":246,"column":19},"end":{"line":252,"column":6}},"59":{"start":{"line":254,"column":26},"end":{"line":254,"column":77}},"60":{"start":{"line":255,"column":33},"end":{"line":255,"column":98}},"61":{"start":{"line":257,"column":20},"end":{"line":261,"column":5}},"62":{"start":{"line":264,"column":27},"end":{"line":279,"column":6}},"63":{"start":{"line":281,"column":23},"end":{"line":281,"column":65}},"64":{"start":{"line":281,"column":50},"end":{"line":281,"column":64}},"65":{"start":{"line":282,"column":21},"end":{"line":285,"column":6}},"66":{"start":{"line":287,"column":25},"end":{"line":294,"column":6}},"67":{"start":{"line":288,"column":22},"end":{"line":288,"column":65}},"68":{"start":{"line":288,"column":41},"end":{"line":288,"column":64}},"69":{"start":{"line":289,"column":6},"end":{"line":293,"column":8}},"70":{"start":{"line":297,"column":34},"end":{"line":316,"column":5}},"71":{"start":{"line":298,"column":20},"end":{"line":308,"column":7}},"72":{"start":{"line":309,"column":18},"end":{"line":314,"column":8}},"73":{"start":{"line":315,"column":6},"end":{"line":315,"column":67}},"74":{"start":{"line":318,"column":32},"end":{"line":323,"column":5}},"75":{"start":{"line":326,"column":30},"end":{"line":341,"column":5}},"76":{"start":{"line":327,"column":20},"end":{"line":333,"column":7}},"77":{"start":{"line":334,"column":18},"end":{"line":339,"column":8}},"78":{"start":{"line":340,"column":6},"end":{"line":340,"column":62}},"79":{"start":{"line":343,"column":37},"end":{"line":347,"column":5}},"80":{"start":{"line":349,"column":4},"end":{"line":354,"column":6}},"81":{"start":{"line":356,"column":4},"end":{"line":356,"column":47}},"82":{"start":{"line":356,"column":35},"end":{"line":356,"column":47}},"83":{"start":{"line":357,"column":4},"end":{"line":357,"column":113}}},"fnMap":{"0":{"name":"(anonymous_0)","decl":{"start":{"line":5,"column":27},"end":{"line":5,"column":28}},"loc":{"start":{"line":5,"column":89},"end":{"line":64,"column":1}},"line":5},"1":{"name":"(anonymous_1)","decl":{"start":{"line":66,"column":35},"end":{"line":66,"column":36}},"loc":{"start":{"line":66,"column":64},"end":{"line":191,"column":1}},"line":66},"2":{"name":"(anonymous_2)","decl":{"start":{"line":95,"column":54},"end":{"line":95,"column":55}},"loc":{"start":{"line":95,"column":66},"end":{"line":95,"column":96}},"line":95},"3":{"name":"(anonymous_3)","decl":{"start":{"line":105,"column":33},"end":{"line":105,"column":34}},"loc":{"start":{"line":105,"column":38},"end":{"line":110,"column":5}},"line":105},"4":{"name":"(anonymous_4)","decl":{"start":{"line":122,"column":46},"end":{"line":122,"column":47}},"loc":{"start":{"line":122,"column":52},"end":{"line":143,"column":5}},"line":122},"5":{"name":"(anonymous_5)","decl":{"start":{"line":136,"column":29},"end":{"line":136,"column":30}},"loc":{"start":{"line":136,"column":37},"end":{"line":142,"column":7}},"line":136},"6":{"name":"(anonymous_6)","decl":{"start":{"line":146,"column":53},"end":{"line":146,"column":54}},"loc":{"start":{"line":146,"column":58},"end":{"line":146,"column":87}},"line":146},"7":{"name":"(anonymous_7)","decl":{"start":{"line":147,"column":54},"end":{"line":147,"column":55}},"loc":{"start":{"line":147,"column":59},"end":{"line":147,"column":89}},"line":147},"8":{"name":"(anonymous_8)","decl":{"start":{"line":193,"column":37},"end":{"line":193,"column":38}},"loc":{"start":{"line":193,"column":85},"end":{"line":359,"column":1}},"line":193},"9":{"name":"(anonymous_9)","decl":{"start":{"line":281,"column":42},"end":{"line":281,"column":43}},"loc":{"start":{"line":281,"column":50},"end":{"line":281,"column":64}},"line":281},"10":{"name":"(anonymous_10)","decl":{"start":{"line":287,"column":44},"end":{"line":287,"column":45}},"loc":{"start":{"line":287,"column":52},"end":{"line":294,"column":5}},"line":287},"11":{"name":"(anonymous_11)","decl":{"start":{"line":288,"column":36},"end":{"line":288,"column":37}},"loc":{"start":{"line":288,"column":41},"end":{"line":288,"column":64}},"line":288},"12":{"name":"(anonymous_12)","decl":{"start":{"line":297,"column":34},"end":{"line":297,"column":35}},"loc":{"start":{"line":297,"column":60},"end":{"line":316,"column":5}},"line":297},"13":{"name":"(anonymous_13)","decl":{"start":{"line":326,"column":30},"end":{"line":326,"column":31}},"loc":{"start":{"line":326,"column":50},"end":{"line":341,"column":5}},"line":326}},"branchMap":{"0":{"loc":{"start":{"line":8,"column":4},"end":{"line":10,"column":5}},"type":"if","locations":[{"start":{"line":8,"column":4},"end":{"line":10,"column":5}},{"start":{},"end":{}}],"line":8},"1":{"loc":{"start":{"line":8,"column":8},"end":{"line":8,"column":75}},"type":"binary-expr","locations":[{"start":{"line":8,"column":8},"end":{"line":8,"column":38}},{"start":{"line":8,"column":42},"end":{"line":8,"column":75}}],"line":8},"2":{"loc":{"start":{"line":34,"column":17},"end":{"line":49,"column":5}},"type":"binary-expr","locations":[{"start":{"line":34,"column":17},"end":{"line":34,"column":25}},{"start":{"line":34,"column":29},"end":{"line":49,"column":5}}],"line":34},"3":{"loc":{"start":{"line":61,"column":4},"end":{"line":61,"column":47}},"type":"if","locations":[{"start":{"line":61,"column":4},"end":{"line":61,"column":47}},{"start":{},"end":{}}],"line":61},"4":{"loc":{"start":{"line":85,"column":4},"end":{"line":87,"column":5}},"type":"if","locations":[{"start":{"line":85,"column":4},"end":{"line":87,"column":5}},{"start":{},"end":{}}],"line":85},"5":{"loc":{"start":{"line":90,"column":4},"end":{"line":92,"column":5}},"type":"if","locations":[{"start":{"line":90,"column":4},"end":{"line":92,"column":5}},{"start":{},"end":{}}],"line":90},"6":{"loc":{"start":{"line":95,"column":73},"end":{"line":95,"column":95}},"type":"binary-expr","locations":[{"start":{"line":95,"column":73},"end":{"line":95,"column":90}},{"start":{"line":95,"column":94},"end":{"line":95,"column":95}}],"line":95},"7":{"loc":{"start":{"line":106,"column":6},"end":{"line":106,"column":46}},"type":"if","locations":[{"start":{"line":106,"column":6},"end":{"line":106,"column":46}},{"start":{},"end":{}}],"line":106},"8":{"loc":{"start":{"line":107,"column":6},"end":{"line":107,"column":46}},"type":"if","locations":[{"start":{"line":107,"column":6},"end":{"line":107,"column":46}},{"start":{},"end":{}}],"line":107},"9":{"loc":{"start":{"line":108,"column":6},"end":{"line":108,"column":59}},"type":"if","locations":[{"start":{"line":108,"column":6},"end":{"line":108,"column":59}},{"start":{},"end":{}}],"line":108},"10":{"loc":{"start":{"line":109,"column":6},"end":{"line":109,"column":62}},"type":"if","locations":[{"start":{"line":109,"column":6},"end":{"line":109,"column":62}},{"start":{},"end":{}}],"line":109},"11":{"loc":{"start":{"line":115,"column":6},"end":{"line":118,"column":7}},"type":"if","locations":[{"start":{"line":115,"column":6},"end":{"line":118,"column":7}},{"start":{},"end":{}}],"line":115},"12":{"loc":{"start":{"line":150,"column":15},"end":{"line":159,"column":14}},"type":"cond-expr","locations":[{"start":{"line":150,"column":32},"end":{"line":159,"column":7}},{"start":{"line":159,"column":10},"end":{"line":159,"column":14}}],"line":150},"13":{"loc":{"start":{"line":160,"column":16},"end":{"line":169,"column":14}},"type":"cond-expr","locations":[{"start":{"line":160,"column":34},"end":{"line":169,"column":7}},{"start":{"line":169,"column":10},"end":{"line":169,"column":14}}],"line":160},"14":{"loc":{"start":{"line":188,"column":4},"end":{"line":188,"column":47}},"type":"if","locations":[{"start":{"line":188,"column":4},"end":{"line":188,"column":47}},{"start":{},"end":{}}],"line":188},"15":{"loc":{"start":{"line":197,"column":4},"end":{"line":199,"column":5}},"type":"if","locations":[{"start":{"line":197,"column":4},"end":{"line":199,"column":5}},{"start":{},"end":{}}],"line":197},"16":{"loc":{"start":{"line":200,"column":4},"end":{"line":209,"column":5}},"type":"if","locations":[{"start":{"line":200,"column":4},"end":{"line":209,"column":5}},{"start":{},"end":{}}],"line":200},"17":{"loc":{"start":{"line":200,"column":8},"end":{"line":200,"column":28}},"type":"binary-expr","locations":[{"start":{"line":200,"column":8},"end":{"line":200,"column":17}},{"start":{"line":200,"column":21},"end":{"line":200,"column":28}}],"line":200},"18":{"loc":{"start":{"line":204,"column":16},"end":{"line":204,"column":57}},"type":"binary-expr","locations":[{"start":{"line":204,"column":16},"end":{"line":204,"column":25}},{"start":{"line":204,"column":29},"end":{"line":204,"column":57}}],"line":204},"19":{"loc":{"start":{"line":205,"column":16},"end":{"line":205,"column":53}},"type":"binary-expr","locations":[{"start":{"line":205,"column":16},"end":{"line":205,"column":23}},{"start":{"line":205,"column":27},"end":{"line":205,"column":53}}],"line":205},"20":{"loc":{"start":{"line":214,"column":12},"end":{"line":214,"column":57}},"type":"binary-expr","locations":[{"start":{"line":214,"column":12},"end":{"line":214,"column":24}},{"start":{"line":214,"column":28},"end":{"line":214,"column":57}}],"line":214},"21":{"loc":{"start":{"line":216,"column":11},"end":{"line":223,"column":7}},"type":"binary-expr","locations":[{"start":{"line":216,"column":12},"end":{"line":216,"column":21}},{"start":{"line":216,"column":25},"end":{"line":216,"column":32}},{"start":{"line":216,"column":37},"end":{"line":223,"column":7}}],"line":216},"22":{"loc":{"start":{"line":219,"column":16},"end":{"line":219,"column":57}},"type":"binary-expr","locations":[{"start":{"line":219,"column":16},"end":{"line":219,"column":25}},{"start":{"line":219,"column":29},"end":{"line":219,"column":57}}],"line":219},"23":{"loc":{"start":{"line":220,"column":16},"end":{"line":220,"column":53}},"type":"binary-expr","locations":[{"start":{"line":220,"column":16},"end":{"line":220,"column":23}},{"start":{"line":220,"column":27},"end":{"line":220,"column":53}}],"line":220},"24":{"loc":{"start":{"line":229,"column":12},"end":{"line":229,"column":57}},"type":"binary-expr","locations":[{"start":{"line":229,"column":12},"end":{"line":229,"column":24}},{"start":{"line":229,"column":28},"end":{"line":229,"column":57}}],"line":229},"25":{"loc":{"start":{"line":231,"column":11},"end":{"line":238,"column":7}},"type":"binary-expr","locations":[{"start":{"line":231,"column":12},"end":{"line":231,"column":21}},{"start":{"line":231,"column":25},"end":{"line":231,"column":32}},{"start":{"line":231,"column":37},"end":{"line":238,"column":7}}],"line":231},"26":{"loc":{"start":{"line":234,"column":16},"end":{"line":234,"column":57}},"type":"binary-expr","locations":[{"start":{"line":234,"column":16},"end":{"line":234,"column":25}},{"start":{"line":234,"column":29},"end":{"line":234,"column":57}}],"line":234},"27":{"loc":{"start":{"line":235,"column":16},"end":{"line":235,"column":53}},"type":"binary-expr","locations":[{"start":{"line":235,"column":16},"end":{"line":235,"column":23}},{"start":{"line":235,"column":27},"end":{"line":235,"column":53}}],"line":235},"28":{"loc":{"start":{"line":254,"column":34},"end":{"line":254,"column":64}},"type":"binary-expr","locations":[{"start":{"line":254,"column":34},"end":{"line":254,"column":59}},{"start":{"line":254,"column":63},"end":{"line":254,"column":64}}],"line":254},"29":{"loc":{"start":{"line":255,"column":42},"end":{"line":255,"column":79}},"type":"binary-expr","locations":[{"start":{"line":255,"column":42},"end":{"line":255,"column":74}},{"start":{"line":255,"column":78},"end":{"line":255,"column":79}}],"line":255},"30":{"loc":{"start":{"line":291,"column":22},"end":{"line":291,"column":56}},"type":"cond-expr","locations":[{"start":{"line":291,"column":32},"end":{"line":291,"column":44}},{"start":{"line":291,"column":47},"end":{"line":291,"column":56}}],"line":291},"31":{"loc":{"start":{"line":292,"column":30},"end":{"line":292,"column":60}},"type":"binary-expr","locations":[{"start":{"line":292,"column":30},"end":{"line":292,"column":55}},{"start":{"line":292,"column":59},"end":{"line":292,"column":60}}],"line":292},"32":{"loc":{"start":{"line":301,"column":14},"end":{"line":301,"column":36}},"type":"binary-expr","locations":[{"start":{"line":301,"column":14},"end":{"line":301,"column":30}},{"start":{"line":301,"column":34},"end":{"line":301,"column":36}}],"line":301},"33":{"loc":{"start":{"line":315,"column":21},"end":{"line":315,"column":53}},"type":"binary-expr","locations":[{"start":{"line":315,"column":21},"end":{"line":315,"column":48}},{"start":{"line":315,"column":52},"end":{"line":315,"column":53}}],"line":315},"34":{"loc":{"start":{"line":340,"column":21},"end":{"line":340,"column":48}},"type":"binary-expr","locations":[{"start":{"line":340,"column":21},"end":{"line":340,"column":43}},{"start":{"line":340,"column":47},"end":{"line":340,"column":48}}],"line":340},"35":{"loc":{"start":{"line":356,"column":4},"end":{"line":356,"column":47}},"type":"if","locations":[{"start":{"line":356,"column":4},"end":{"line":356,"column":47}},{"start":{},"end":{}}],"line":356}},"s":{"0":7,"1":4,"2":4,"3":1,"4":3,"5":3,"6":3,"7":3,"8":1,"9":1,"10":0,"11":7,"12":5,"13":5,"14":5,"15":1,"16":4,"17":1,"18":3,"19":6,"20":3,"21":3,"22":6,"23":2,"24":6,"25":4,"26":6,"27":2,"28":6,"29":2,"30":3,"31":3,"32":3,"33":12,"34":3,"35":3,"36":3,"37":6,"38":0,"39":3,"40":3,"41":3,"42":6,"43":3,"44":3,"45":2,"46":2,"47":0,"48":7,"49":3,"50":3,"51":3,"52":1,"53":3,"54":1,"55":3,"56":3,"57":3,"58":3,"59":3,"60":3,"61":3,"62":3,"63":3,"64":6,"65":3,"66":3,"67":6,"68":9,"69":6,"70":3,"71":12,"72":12,"73":12,"74":3,"75":3,"76":9,"77":9,"78":9,"79":3,"80":3,"81":0,"82":0,"83":0},"f":{"0":4,"1":5,"2":6,"3":6,"4":6,"5":0,"6":3,"7":6,"8":3,"9":6,"10":6,"11":9,"12":12,"13":9},"b":{"0":[1,3],"1":[4,3],"2":[3,1],"3":[1,0],"4":[1,4],"5":[1,3],"6":[6,0],"7":[2,4],"8":[4,2],"9":[2,4],"10":[2,4],"11":[3,9],"12":[3,0],"13":[3,0],"14":[2,0],"15":[1,2],"16":[1,2],"17":[3,2],"18":[1,1],"19":[1,1],"20":[3,1],"21":[3,2,1],"22":[1,1],"23":[1,1],"24":[3,1],"25":[3,2,1],"26":[1,1],"27":[1,1],"28":[3,0],"29":[3,0],"30":[6,0],"31":[6,0],"32":[12,8],"33":[12,0],"34":[9,0],"35":[0,0]},"inputSourceMap":null,"_coverageSchema":"1a1c01bbd47fc00a2c39e90264f33305004495a9","hash":"8edc48e5c57ac3649c0df3ab427a30c260b00b0b"}
,"/home/rafi/Documents/tugas-kuliah/semester4/software engginer prak/EIS-engine/src/services/eis.service.js": {"path":"/home/rafi/Documents/tugas-kuliah/semester4/software engginer prak/EIS-engine/src/services/eis.service.js","statementMap":{"0":{"start":{"line":1,"column":30},"end":{"line":3,"column":1}}},"fnMap":{"0":{"name":"(anonymous_0)","decl":{"start":{"line":1,"column":30},"end":{"line":1,"column":31}},"loc":{"start":{"line":1,"column":59},"end":{"line":3,"column":1}},"line":1}},"branchMap":{},"s":{"0":6},"f":{"0":0},"b":{},"inputSourceMap":null,"_coverageSchema":"1a1c01bbd47fc00a2c39e90264f33305004495a9","hash":"d1f60490b3d7e72c80b4122a2eed7732c4896e69"}
,"/home/rafi/Documents/tugas-kuliah/semester4/software engginer prak/EIS-engine/src/services/quizzes.service.js": {"path":"/home/rafi/Documents/tugas-kuliah/semester4/software engginer prak/EIS-engine/src/services/quizzes.service.js","statementMap":{"0":{"start":{"line":14,"column":25},"end":{"line":80,"column":1}},"1":{"start":{"line":15,"column":2},"end":{"line":79,"column":3}},"2":{"start":{"line":17,"column":20},"end":{"line":25,"column":6}},"3":{"start":{"line":27,"column":4},"end":{"line":29,"column":5}},"4":{"start":{"line":28,"column":6},"end":{"line":28,"column":97}},"5":{"start":{"line":32,"column":24},"end":{"line":35,"column":5}},"6":{"start":{"line":39,"column":4},"end":{"line":44,"column":5}},"7":{"start":{"line":40,"column":6},"end":{"line":40,"column":40}},"8":{"start":{"line":41,"column":6},"end":{"line":41,"column":36}},"9":{"start":{"line":43,"column":6},"end":{"line":43,"column":35}},"10":{"start":{"line":47,"column":17},"end":{"line":69,"column":6}},"11":{"start":{"line":71,"column":4},"end":{"line":73,"column":5}},"12":{"start":{"line":72,"column":6},"end":{"line":72,"column":102}},"13":{"start":{"line":75,"column":4},"end":{"line":75,"column":16}},"14":{"start":{"line":77,"column":4},"end":{"line":77,"column":47}},"15":{"start":{"line":77,"column":35},"end":{"line":77,"column":47}},"16":{"start":{"line":78,"column":4},"end":{"line":78,"column":99}},"17":{"start":{"line":90,"column":26},"end":{"line":184,"column":1}},"18":{"start":{"line":91,"column":2},"end":{"line":183,"column":3}},"19":{"start":{"line":93,"column":20},"end":{"line":96,"column":6}},"20":{"start":{"line":97,"column":4},"end":{"line":99,"column":5}},"21":{"start":{"line":98,"column":6},"end":{"line":98,"column":92}},"22":{"start":{"line":102,"column":28},"end":{"line":105,"column":6}},"23":{"start":{"line":106,"column":4},"end":{"line":108,"column":5}},"24":{"start":{"line":107,"column":6},"end":{"line":107,"column":89}},"25":{"start":{"line":111,"column":17},"end":{"line":122,"column":6}},"26":{"start":{"line":124,"column":4},"end":{"line":126,"column":5}},"27":{"start":{"line":125,"column":6},"end":{"line":125,"column":72}},"28":{"start":{"line":129,"column":23},"end":{"line":129,"column":24}},"29":{"start":{"line":130,"column":26},"end":{"line":143,"column":6}},"30":{"start":{"line":131,"column":25},"end":{"line":131,"column":78}},"31":{"start":{"line":131,"column":50},"end":{"line":131,"column":77}},"32":{"start":{"line":132,"column":24},"end":{"line":132,"column":89}},"33":{"start":{"line":134,"column":6},"end":{"line":136,"column":7}},"34":{"start":{"line":135,"column":8},"end":{"line":135,"column":23}},"35":{"start":{"line":138,"column":6},"end":{"line":142,"column":8}},"36":{"start":{"line":145,"column":27},"end":{"line":145,"column":48}},"37":{"start":{"line":146,"column":23},"end":{"line":146,"column":72}},"38":{"start":{"line":149,"column":19},"end":{"line":171,"column":6}},"39":{"start":{"line":151,"column":22},"end":{"line":161,"column":8}},"40":{"start":{"line":164,"column":34},"end":{"line":167,"column":9}},"41":{"start":{"line":164,"column":60},"end":{"line":167,"column":7}},"42":{"start":{"line":168,"column":6},"end":{"line":168,"column":72}},"43":{"start":{"line":170,"column":6},"end":{"line
[...]
ine":18,"column":19},"end":{"line":18,"column":42}},"15":{"start":{"line":20,"column":2},"end":{"line":20,"column":80}},"16":{"start":{"line":23,"column":39},"end":{"line":36,"column":1}},"17":{"start":{"line":24,"column":16},"end":{"line":24,"column":57}},"18":{"start":{"line":25,"column":16},"end":{"line":25,"column":57}},"19":{"start":{"line":27,"column":2},"end":{"line":29,"column":3}},"20":{"start":{"line":28,"column":4},"end":{"line":28,"column":59}},"21":{"start":{"line":31,"column":2},"end":{"line":33,"column":3}},"22":{"start":{"line":32,"column":4},"end":{"line":32,"column":43}},"23":{"start":{"line":35,"column":2},"end":{"line":35,"column":11}},"24":{"start":{"line":38,"column":33},"end":{"line":44,"column":1}},"25":{"start":{"line":39,"column":14},"end":{"line":39,"column":33}},"26":{"start":{"line":40,"column":15},"end":{"line":40,"column":31}},"27":{"start":{"line":41,"column":15},"end":{"line":41,"column":30}},"28":{"start":{"line":42,"column":16},"end":{"line":42,"column":60}},"29":{"start":{"line":43,"column":2},"end":{"line":43,"column":27}},"30":{"start":{"line":46,"column":27},"end":{"line":53,"column":1}},"31":{"start":{"line":47,"column":17},"end":{"line":47,"column":33}},"32":{"start":{"line":48,"column":2},"end":{"line":48,"column":69}},"33":{"start":{"line":48,"column":20},"end":{"line":48,"column":69}},"34":{"start":{"line":49,"column":2},"end":{"line":49,"column":74}},"35":{"start":{"line":49,"column":20},"end":{"line":49,"column":74}},"36":{"start":{"line":50,"column":2},"end":{"line":50,"column":67}},"37":{"start":{"line":50,"column":20},"end":{"line":50,"column":67}},"38":{"start":{"line":51,"column":2},"end":{"line":51,"column":69}},"39":{"start":{"line":51,"column":20},"end":{"line":51,"column":69}},"40":{"start":{"line":52,"column":2},"end":{"line":52,"column":52}}},"fnMap":{"0":{"name":"(anonymous_0)","decl":{"start":{"line":2,"column":13},"end":{"line":2,"column":14}},"loc":{"start":{"line":2,"column":23},"end":{"line":2,"column":70}},"line":2},"1":{"name":"(anonymous_1)","decl":{"start":{"line":4,"column":38},"end":{"line":4,"column":39}},"loc":{"start":{"line":4,"column":63},"end":{"line":9,"column":1}},"line":4},"2":{"name":"(anonymous_2)","decl":{"start":{"line":11,"column":40},"end":{"line":11,"column":41}},"loc":{"start":{"line":11,"column":108},"end":{"line":21,"column":1}},"line":11},"3":{"name":"(anonymous_3)","decl":{"start":{"line":23,"column":39},"end":{"line":23,"column":40}},"loc":{"start":{"line":23,"column":61},"end":{"line":36,"column":1}},"line":23},"4":{"name":"(anonymous_4)","decl":{"start":{"line":38,"column":33},"end":{"line":38,"column":34}},"loc":{"start":{"line":38,"column":75},"end":{"line":44,"column":1}},"line":38},"5":{"name":"(anonymous_5)","decl":{"start":{"line":46,"column":27},"end":{"line":46,"column":28}},"loc":{"start":{"line":46,"column":43},"end":{"line":53,"column":1}},"line":46}},"branchMap":{"0":{"loc":{"start":{"line":2,"column":23},"end":{"line":2,"column":70}},"type":"cond-expr","locations":[{"start":{"line":2,"column":63},"end":{"line":2,"column":64}},{"start":{"line":2,"column":67},"end":{"line":2,"column":70}}],"line":2},"1":{"loc":{"start":{"line":2,"column":23},"end":{"line":2,"column":60}},"type":"binary-expr","locations":[{"start":{"line":2,"column":23},"end":{"line":2,"column":46}},{"start":{"line":2,"column":50},"end":{"line":2,"column":60}}],"line":2},"2":{"loc":{"start":{"line":8,"column":9},"end":{"line":8,"column":28}},"type":"cond-expr","locations":[{"start":{"line":8,"column":20},"end":{"line":8,"column":24}},{"start":{"line":8,"column":27},"end":{"line":8,"column":28}}],"line":8},"3":{"loc":{"start":{"line":18,"column":19},"end":{"line":18,"column":42}},"type":"cond-expr","locations":[{"start":{"line":18,"column":36},"end":{"line":18,"column":38}},{"start":{"line":18,"column":41},"end":{"line":18,"column":42}}],"line":18},"4":{"loc":{"start":{"line":24,"column":16},"end":{"line":24,"column":57}},"type":"binary-expr","locations":[{"start":{"line":24,"column":16},"end":{"line":24,"column":32}},{"start":{"line":24,"column":36},"end":{"line":24,"column":57}}],"line":24},"5":{"loc":{"start":{"line":25,"column":16},"end":{"line":25,"column":57}},"type":"binary-expr","locations":[{"start":{"line":25,"column":16},"end":{"line":25,"column":32}},{"start":{"line":25,"column":36},"end":{"line":25,"column":57}}],"line":25},"6":{"loc":{"start":{"line":27,"column":2},"end":{"line":29,"column":3}},"type":"if","locations":[{"start":{"line":27,"column":2},"end":{"line":29,"column":3}},{"start":{},"end":{}}],"line":27},"7":{"loc":{"start":{"line":27,"column":6},"end":{"line":27,"column":20}},"type":"binary-expr","locations":[{"start":{"line":27,"column":6},"end":{"line":27,"column":11}},{"start":{"line":27,"column":15},"end":{"line":27,"column":20}}],"line":27},"8":{"loc":{"start":{"line":31,"column":2},"end":{"line":33,"column":3}},"type":"if","locations":[{"start":{"line":31,"column":2},"end":{"line":33,"column":3}},{"start":{},"end":{}}],"line":31},"9":{"loc":{"start":{"line":48,"column":2},"end":{"line":48,"column":69}},"type":"if","locations":[{"start":{"line":48,"column":2},"end":{"line":48,"column":69}},{"start":{},"end":{}}],"line":48},"10":{"loc":{"start":{"line":49,"column":2},"end":{"line":49,"column":74}},"type":"if","locations":[{"start":{"line":49,"column":2},"end":{"line":49,"column":74}},{"start":{},"end":{}}],"line":49},"11":{"loc":{"start":{"line":50,"column":2},"end":{"line":50,"column":67}},"type":"if","locations":[{"start":{"line":50,"column":2},"end":{"line":50,"column":67}},{"start":{},"end":{}}],"line":50},"12":{"loc":{"start":{"line":51,"column":2},"end":{"line":51,"column":69}},"type":"if","locations":[{"start":{"line":51,"column":2},"end":{"line":51,"column":69}},{"start":{},"end":{}}],"line":51}},"s":{"0":6,"1":0,"2":6,"3":0,"4":0,"5":0,"6":0,"7":6,"8":0,"9":0,"10":0,"11":0,"12":0,"13":0,"14":0,"15":0,"16":6,"17":0,"18":0,"19":0,"20":0,"21":0,"22":0,"23":0,"24":6,"25":0,"26":0,"27":0,"28":0,"29":0,"30":6,"31":0,"32":0,"33":0,"34":0,"35":0,"36":0,"37":0,"38":0,"39":0,"40":0},"f":{"0":0,"1":0,"2":0,"3":0,"4":0,"5":0},"b":{"0":[0,0],"1":[0,0],"2":[0,0],"3":[0,0],"4":[0,0],"5":[0,0],"6":[0,0],"7":[0,0],"8":[0,0],"9":[0,0],"10":[0,0],"11":[0,0],"12":[0,0]},"inputSourceMap":null,"_coverageSchema":"1a1c01bbd47fc00a2c39e90264f33305004495a9","hash":"f0832ae372fd77904c42a4e7520418d808c86939"}
,"/home/rafi/Documents/tugas-kuliah/semester4/software engginer prak/EIS-engine/src/utils/emailSender.js": {"path":"/home/rafi/Documents/tugas-kuliah/semester4/software engginer prak/EIS-engine/src/utils/emailSender.js","statementMap":{"0":{"start":{"line":3,"column":20},"end":{"line":11,"column":2}},"1":{"start":{"line":18,"column":15},"end":{"line":23,"column":4}},"2":{"start":{"line":25,"column":2},"end":{"line":25,"column":13}}},"fnMap":{"0":{"name":"sendEmail","decl":{"start":{"line":17,"column":22},"end":{"line":17,"column":31}},"loc":{"start":{"line":17,"column":55},"end":{"line":26,"column":1}},"line":17}},"branchMap":{},"s":{"0":5,"1":0,"2":0},"f":{"0":0},"b":{},"inputSourceMap":null,"_coverageSchema":"1a1c01bbd47fc00a2c39e90264f33305004495a9","hash":"5d5c2be79b251d71a0d1a2142a66469d51352a30"}
,"/home/rafi/Documents/tugas-kuliah/semester4/software engginer prak/EIS-engine/src/utils/otpGenerator.js": {"path":"/home/rafi/Documents/tugas-kuliah/semester4/software engginer prak/EIS-engine/src/utils/otpGenerator.js","statementMap":{"0":{"start":{"line":1,"column":19},"end":{"line":1,"column":20}},"1":{"start":{"line":3,"column":27},"end":{"line":9,"column":1}},"2":{"start":{"line":4,"column":12},"end":{"line":4,"column":14}},"3":{"start":{"line":5,"column":2},"end":{"line":7,"column":3}},"4":{"start":{"line":5,"column":15},"end":{"line":5,"column":16}},"5":{"start":{"line":6,"column":4},"end":{"line":6,"column":53}},"6":{"start":{"line":8,"column":2},"end":{"line":8,"column":13}}},"fnMap":{"0":{"name":"(anonymous_0)","decl":{"start":{"line":3,"column":27},"end":{"line":3,"column":28}},"loc":{"start":{"line":3,"column":33},"end":{"line":9,"column":1}},"line":3}},"branchMap":{},"s":{"0":7,"1":7,"2":1,"3":1,"4":1,"5":6,"6":1},"f":{"0":1},"b":{},"inputSourceMap":null,"_coverageSchema":"1a1c01bbd47fc00a2c39e90264f33305004495a9","hash":"a2a77ff458877c89b7fd9c4c5db86825292a109d"}
,"/home/rafi/Documents/tugas-kuliah/semester4/software engginer prak/EIS-engine/src/utils/response.js": {"path":"/home/rafi/Documents/tugas-kuliah/semester4/software engginer prak/EIS-engine/src/utils/response.js","statementMap":{"0":{"start":{"line":3,"column":4},"end":{"line":3,"column":19}},"1":{"start":{"line":4,"column":4},"end":{"line":4,"column":33}},"2":{"start":{"line":5,"column":4},"end":{"line":5,"column":21}},"3":{"start":{"line":6,"column":4},"end":{"line":6,"column":52}},"4":{"start":{"line":10,"column":27},"end":{"line":20,"column":1}},"5":{"start":{"line":11,"column":22},"end":{"line":13,"column":5}},"6":{"start":{"line":12,"column":4},"end":{"line":12,"column":46}},"7":{"start":{"line":15,"column":2},"end":{"line":19,"column":5}},"8":{"start":{"line":22,"column":25},"end":{"line":28,"column":1}},"9":{"start":{"line":23,"column":2},"end":{"line":27,"column":5}}},"fnMap":{"0":{"name":"(anonymous_0)","decl":{"start":{"line":2,"column":2},"end":{"line":2,"column":3}},"loc":{"start":{"line":2,"column":41},"end":{"line":7,"column":3}},"line":2},"1":{"name":"(anonymous_1)","decl":{"start":{"line":10,"column":27},"end":{"line":10,"column":28}},"loc":{"start":{"line":10,"column":75},"end":{"line":20,"column":1}},"line":10},"2":{"name":"(anonymous_2)","decl":{"start":{"line":11,"column":54},"end":{"line":11,"column":55}},"loc":{"start":{"line":11,"column":70},"end":{"line":13,"column":3}},"line":11},"3":{"name":"(anonymous_3)","decl":{"start":{"line":22,"column":25},"end":{"line":22,"column":26}},"loc":{"start":{"line":22,"column":61},"end":{"line":28,"column":1}},"line":22}},"branchMap":{"0":{"loc":{"start":{"line":10,"column":51},"end":{"line":10,"column":70}},"type":"default-arg","locations":[{"start":{"line":10,"column":61},"end":{"line":10,"column":70}}],"line":10},"1":{"loc":{"start":{"line":12,"column":11},"end":{"line":12,"column":45}},"type":"cond-expr","locations":[{"start":{"line":12,"column":28},"end":{"line":12,"column":37}},{"start":{"line":12,"column":40},"end":{"line":12,"column":45}}],"line":12}},"s":{"0":102,"1":102,"2":102,"3":102,"4":7,"5":49,"6":744,"7":49,"8":7,"9":102},"f":{"0":102,"1":49,"2":744,"3":102},"b":{"0":[0],"1":[19,725]},"inputSourceMap":null,"_coverageSchema":"1a1c01bbd47fc00a2c39e90264f33305004495a9","hash":"086876187daf861af3fec02334479f67d16cfebc"}
,"/home/rafi/Documents/tugas-kuliah/semester4/software engginer prak/EIS-engine/src/utils/tokenUrl.js": {"path":"/home/rafi/Documents/tugas-kuliah/semester4/software engginer prak/EIS-engine/src/utils/tokenUrl.js","statementMap":{"0":{"start":{"line":3,"column":38},"end":{"line":9,"column":1}},"1":{"start":{"line":4,"column":2},"end":{"line":8,"column":4}},"2":{"start":{"line":11,"column":36},"end":{"line":17,"column":1}},"3":{"start":{"line":12,"column":2},"end":{"line":16,"column":3}},"4":{"start":{"line":13,"column":4},"end":{"line":13,"column":65}},"5":{"start":{"line":15,"column":4},"end":{"line":15,"column":16}}},"fnMap":{"0":{"name":"(anonymous_0)","decl":{"start":{"line":3,"column":38},"end":{"line":3,"column":39}},"loc":{"start":{"line":3,"column":71},"end":{"line":9,"column":1}},"line":3},"1":{"name":"(anonymous_1)","decl":{"start":{"line":11,"column":36},"end":{"line":11,"column":37}},"loc":{"start":{"line":11,"column":47},"end":{"line":17,"column":1}},"line":11}},"branchMap":{},"s":{"0":6,"1":0,"2":6,"3":0,"4":0,"5":0},"f":{"0":0,"1":0},"b":{},"inputSourceMap":null,"_coverageSchema":"1a1c01bbd47fc00a2c39e90264f33305004495a9","hash":"4de616c75f7bc9f5d697df16e72971a74320486e"}
,"/home/rafi/Documents/tugas-kuliah/semester4/software engginer prak/EIS-engine/src/validators/admin.validator.js": {"path":"/home/rafi/Documents/tugas-kuliah/semester4/software engginer prak/EIS-engine/src/validators/admin.validator.js","statementMap":{"0":{"start":{"line":3,"column":35},"end":{"line":13,"column":2}},"1":{"start":{"line":15,"column":38},"end":{"line":27,"column":2}},"2":{"start":{"line":18,"column":6},"end":{"line":22,"column":7}},"3":{"start":{"line":19,"column":22},"end":{"line":19,"column":46}},"4":{"start":{"line":20,"column":8},"end":{"line":20,"column":42}},"5":{"start":{"line":20,"column":30},"end":{"line":20,"column":42}},"6":{"start":{"line":21,"column":8},"end":{"line":21,"column":44}},"7":{"start":{"line":21,"column":31},"end":{"line":21,"column":44}},"8":{"start":{"line":23,"column":6},"end":{"line":23,"column":17}},"9":{"start":{"line":29,"column":35},"end":{"line":31,"column":2}},"10":{"start":{"line":33,"column":35},"end":{"line":49,"column":2}},"11":{"start":{"line":51,"column":33},"end":{"line":72,"column":2}},"12":{"start":{"line":74,"column":32},"end":{"line":137,"column":4}},"13":{"start":{"line":123,"column":4},"end":{"line":129,"column":5}},"14":{"start":{"line":124,"column":6},"end":{"line":128,"column":9}},"15":{"start":{"line":130,"column":4},"end":{"line":136,"column":5}},"16":{"start":{"line":131,"column":6},"end":{"line":135,"column":9}}},"fnMap":{"0":{"name":"(anonymous_0)","decl":{"start":{"line":17,"column":16},"end":{"line":17,"column":17}},"loc":{"start":{"line":17,"column":25},"end":{"line":24,"column":5}},"line":17},"1":{"name":"(anonymous_1)","decl":{"start":{"line":122,"column":15},"end":{"line":122,"column":16}},"loc":{"start":{"line":122,"column":30},"end":{"line":137,"column":3}},"line":122}},"branchMap":{"0":{"loc":{"start":{"line":18,"column":6},"end":{"line":22,"column":7}},"type":"if","locations":[{"start":{"line":18,"column":6},"end":{"line":22,"column":7}},{"start":{},"end":{}}],"line":18},"1":{"loc":{"start":{"line":20,"column":8},"end":{"line":20,"column":42}},"type":"if","locations":[{"start":{"line":20,"column":8},"end":{"line":20,"column":42}},{"start":{},"end":{}}],"line":20},"2":{"loc":{"start":{"line":21,"column":8},"end":{"line":21,"column":44}},"type":"if","locations":[{"start":{"line":21,"column":8},"end":{"line":21,"column":44}},{"start":{},"end":{}}],"line":21},"3":{"loc":{"start":{"line":123,"column":4},"end":{"line":129,"column":5}},"type":"if","locations":[{"start":{"line":123,"column":4},"end":{"line":129,"column":5}},{"start":{},"end":{}}],"line":123},"4":{"loc":{"start":{"line":123,"column":8},"end":{"line":123,"column":93}},"type":"binary-expr","locations":[{"start":{"line":123,"column":8},"end":{"line":123,"column":32}},{"start":{"line":123,"column":37},"end":{"line":123,"column":65}},{"start":{"line":123,"column":69},"end":{"line":123,"column":92}}],"line":123},"5":{"loc":{"start":{"line":130,"column":4},"end":{"line":136,"column":5}},"type":"if","locations":[{"start":{"line":130,"column":4},"end":{"line":136,"column":5}},{"start":{},"end":{}}],"line":130},"6":{"loc":{"start":{"line":130,"column":8},"end":{"line":130,"column":90}},"type":"binary-expr","locations":[{"start":{"line":130,"column":8},"end":{"line":130,"column":31}},{"start":{"line":130,"column":35},"end":{"line":130,"column":63}},{"start":{"line":130,"column":67},"end":{"line":130,"column":90}}],"line":130}},"s":{"0":7,"1":7,"2":4,"3":1,"4":1,"5":1,"6":0,"7":0,"8":3,"9":7,"10":7,"11":7,"12":7,"13":6,"14":1,"15":6,"16":1},"f":{"0":4,"1":6},"b":{"0":[1,3],"1":[1,0],"2":[0,0],"3":[1,5],"4":[6,3,3],"5":[1,5],"6":[6,3,3]},"inputSourceMap":null,"_coverageSchema":"1a1c01bbd47fc00a2c39e90264f33305004495a9","hash":"5a3de6366e013bedd2ecc30529915bf4e50eac9b"}
,"/home/rafi/Documents/tugas-kuliah/semester4/software engginer prak/EIS-engine/src/validators/analytics.validator.js": {"path":"/home/rafi/Documents/tugas-kuliah/semester4/software engginer prak/EIS-engine/src/validators/analytics.validator.js","statementMap":{"0":{"start":{"line":3,"column":31},"end":{"line":5,"column":2}},"1":{"start":{"line":7,"column":35},"end":{"line":9,"column":2}},"2":{"start":{"line":11,"column":36},"end":{"line":17,"column":2}},"3":{"start":{"line":15,"column":21},"end":{"line":15,"column":86}}},"fnMap":{"0":{"name":"(anonymous_0)","decl":{"start":{"line":15,"column":14},"end":{"line":15,"column":15}},"loc":{"start":{"line":15,"column":21},"end":{"line":15,"column":86}},"line":15}},"branchMap":{},"s":{"0":7,"1":7,"2":7,"3":0},"f":{"0":0},"b":{},"inputSourceMap":null,"_coverageSchema":"1a1c01bbd47fc00a2c39e90264f33305004495a9","hash":"ad793674b2e46b9c744f04a0920c49780bb943c1"}
,"/home/rafi/Documents/tugas-kuliah/semester4/software engginer prak/EIS-engine/src/validators/quizzes.validator.js": {"path":"/home/rafi/Documents/tugas-kuliah/semester4/software engginer prak/EIS-engine/src/validators/quizzes.validator.js","statementMap":{"0":{"start":{"line":3,"column":31},"end":{"line":9,"column":2}},"1":{"start":{"line":11,"column":32},"end":{"line":18,"column":2}},"2":{"start":{"line":20,"column":35},"end":{"line":23,"column":2}}},"fnMap":{},"branchMap":{},"s":{"0":7,"1":7,"2":7},"f":{},"b":{},"inputSourceMap":null,"_coverageSchema":"1a1c01bbd47fc00a2c39e90264f33305004495a9","hash":"b3845d7aedc9a45d7db3aa637f0c9f865b4f6b93"}
,"/home/rafi/Documents/tugas-kuliah/semester4/software engginer prak/EIS-engine/src/validators/retention.validator.js": {"path":"/home/rafi/Documents/tugas-kuliah/semester4/software engginer prak/EIS-engine/src/validators/retention.validator.js","statementMap":{"0":{"start":{"line":3,"column":38},"end":{"line":3,"column":50}},"1":{"start":{"line":5,"column":41},"end":{"line":7,"column":2}},"2":{"start":{"line":9,"column":41},"end":{"line":16,"column":2}}},"fnMap":{},"branchMap":{},"s":{"0":7,"1":7,"2":7},"f":{},"b":{},"inputSourceMap":null,"_coverageSchema":"1a1c01bbd47fc00a2c39e90264f33305004495a9","hash":"a9986bd1fc7d1eb4ce44e39da2279500783c0307"}
,"/home/rafi/Documents/tugas-kuliah/semester4/software engginer prak/EIS-engine/src/validators/sessions.validator.js": {"path":"/home/rafi/Documents/tugas-kuliah/semester4/software engginer prak/EIS-engine/src/validators/sessions.validator.js","statementMap":{"0":{"start":{"line":4,"column":32},"end":{"line":9,"column":2}}},"fnMap":{},"branchMap":{},"s":{"0":7},"f":{},"b":{},"inputSourceMap":null,"_coverageSchema":"1a1c01bbd47fc00a2c39e90264f33305004495a9","hash":"d46d2f6020ceaa16be5550670f57b89f308c78a4"}
,"/home/rafi/Documents/tugas-kuliah/semester4/software engginer prak/EIS-engine/src/validators/track.validator.js": {"path":"/home/rafi/Documents/tugas-kuliah/semester4/software engginer prak/EIS-engine/src/validators/track.validator.js","statementMap":{"0":{"start":{"line":4,"column":29},"end":{"line":7,"column":2}},"1":{"start":{"line":9,"column":30},"end":{"line":12,"column":2}},"2":{"start":{"line":11,"column":56},"end":{"line":11,"column":92}},"3":{"start":{"line":14,"column":28},"end":{"line":19,"column":2}},"4":{"start":{"line":21,"column":30},"end":{"line":23,"column":2}}},"fnMap":{"0":{"name":"(anonymous_0)","decl":{"start":{"line":11,"column":49},"end":{"line":11,"column":50}},"loc":{"start":{"line":11,"column":56},"end":{"line":11,"column":92}},"line":11}},"branchMap":{},"s":{"0":7,"1":7,"2":0,"3":7,"4":7},"f":{"0":0},"b":{},"inputSourceMap":null,"_coverageSchema":"1a1c01bbd47fc00a2c39e90264f33305004495a9","hash":"1b735c8f7284c9a581e0e32ea4450f94595312cc"}
,"/home/rafi/Documents/tugas-kuliah/semester4/software engginer prak/EIS-engine/src/validators/users.validator.js": {"path":"/home/rafi/Documents/tugas-kuliah/semester4/software engginer prak/EIS-engine/src/validators/users.validator.js","statementMap":{"0":{"start":{"line":3,"column":34},"end":{"line":11,"column":2}},"1":{"start":{"line":13,"column":32},"end":{"line":15,"column":2}},"2":{"start":{"line":17,"column":31},"end":{"line":20,"column":2}}},"fnMap":{},"branchMap":{},"s":{"0":7,"1":7,"2":7},"f":{},"b":{},"inputSourceMap":null,"_coverageSchema":"1a1c01bbd47fc00a2c39e90264f33305004495a9","hash":"b016454418ff4752a1531e382ab5cdb2501b2a34"}
}
