TN:
SF:src/app.js
FNF:0
FNH:0
DA:15,7
DA:18,7
DA:19,7
DA:20,7
DA:21,7
DA:24,7
DA:26,7
DA:27,7
DA:28,7
DA:29,7
DA:30,7
DA:31,7
DA:32,7
DA:35,7
LF:14
LH:14
BRF:0
BRH:0
end_of_record
TN:
SF:src/controllers/admin.controller.js
FN:8,(anonymous_0)
FN:28,(anonymous_1)
FN:47,(anonymous_2)
FN:63,(anonymous_3)
FN:84,(anonymous_4)
FN:106,(anonymous_5)
FNF:6
FNH:6
FNDA:2,(anonymous_0)
FNDA:4,(anonymous_1)
FNDA:3,(anonymous_2)
FNDA:3,(anonymous_3)
FNDA:2,(anonymous_4)
FNDA:3,(anonymous_5)
DA:8,7
DA:9,2
DA:10,2
DA:12,2
DA:18,1
DA:20,1
DA:28,7
DA:29,4
DA:30,4
DA:32,4
DA:37,4
DA:39,0
DA:47,7
DA:48,3
DA:49,3
DA:51,3
DA:53,1
DA:55,2
DA:63,7
DA:64,3
DA:65,3
DA:67,3
DA:74,2
DA:76,1
DA:84,7
DA:85,2
DA:86,2
DA:88,2
DA:96,1
DA:98,1
DA:106,7
DA:107,3
DA:108,3
DA:110,3
DA:119,2
DA:121,1
LF:36
LH:35
BRF:0
BRH:0
end_of_record
TN:
SF:src/controllers/analytics.controller.js
FN:4,(anonymous_0)
FN:18,(anonymous_1)
FN:31,(anonymous_2)
FNF:3
FNH:3
FNDA:4,(anonymous_0)
FNDA:5,(anonymous_1)
FNDA:3,(anonymous_2)
DA:4,7
DA:5,4
DA:6,4
DA:7,4
DA:8,4
DA:10,4
DA:12,3
DA:14,1
DA:18,7
DA:19,5
DA:20,5
DA:21,5
DA:23,5
DA:25,3
DA:27,2
DA:31,7
DA:32,3
DA:33,3
DA:35,3
DA:37,3
DA:39,0
LF:21
LH:20
BRF:0
BRH:0
end_of_record
TN:
SF:src/controllers/quizzes.controller.js
FN:4,(anonymous_0)
FN:21,(anonymous_1)
FN:34,(anonymous_2)
FN:47,(anonymous_3)
FNF:4
FNH:4
FNDA:3,(anonymous_0)
FNDA:3,(anonymous_1)
FNDA:4,(anonymous_2)
FNDA:2,(anonymous_3)
DA:4,7
DA:5,3
DA:7,3
DA:10,3
DA:12,3
DA:14,2
DA:16,1
DA:17,1
DA:21,7
DA:22,3
DA:23,3
DA:24,3
DA:26,3
DA:28,1
DA:30,2
DA:34,7
DA:35,4
DA:36,4
DA:37,4
DA:39,4
DA:41,2
DA:43,2
DA:47,7
DA:48,2
DA:49,2
DA:50,2
DA:52,2
DA:54,0
LF:28
LH:27
BRF:0
BRH:0
end_of_record
TN:
SF:src/controllers/retention.controller.js
FN:8,(anonymous_0)
FN:21,(anonymous_1)
FN:35,(anonymous_2)
FNF:3
FNH:3
FNDA:3,(anonymous_0)
FNDA:5,(anonymous_1)
FNDA:3,(anonymous_2)
DA:8,7
DA:9,3
DA:10,3
DA:11,3
DA:13,0
DA:21,7
DA:22,5
DA:23,5
DA:24,5
DA:25,2
DA:27,3
DA:35,7
DA:36,3
DA:37,3
DA:38,3
DA:39,3
DA:40,1
DA:42,2
LF:18
LH:17
BRF:0
BRH:0
end_of_record
TN:
SF:src/controllers/sessions.controller.js
FN:5,(anonymous_0)
FN:16,(anonymous_1)
FN:28,(anonymous_2)
FNF:3
FNH:3
FNDA:2,(anonymous_0)
FNDA:4,(anonymous_1)
FNDA:2,(anonymous_2)
DA:5,7
DA:6,2
DA:7,2
DA:8,2
DA:9,1
DA:11,1
DA:16,7
DA:17,4
DA:18,4
DA:19,4
DA:20,4
DA:21,1
DA:23,3
DA:28,7
DA:29,2
DA:30,2
DA:31,2
DA:32,2
DA:34,0
LF:19
LH:18
BRF:0
BRH:0
end_of_record
TN:
SF:src/controllers/track.controller.js
FN:4,(anonymous_0)
FN:17,(anonymous_1)
FN:30,(anonymous_2)
FN:43,(anonymous_3)
FNF:4
FNH:4
FNDA:5,(anonymous_0)
FNDA:6,(anonymous_1)
FNDA:3,(anonymous_2)
FNDA:4,(anonymous_3)
DA:4,7
DA:5,5
DA:6,5
DA:7,5
DA:9,5
DA:11,2
DA:13,3
DA:17,7
DA:18,6
DA:19,6
DA:20,6
DA:22,6
DA:24,4
DA:26,2
DA:30,7
DA:31,3
DA:32,3
DA:33,3
DA:35,3
DA:37,1
DA:39,2
DA:43,7
DA:44,4
DA:45,4
DA:46,4
DA:48,4
DA:50,1
DA:52,3
LF:28
LH:28
BRF:0
BRH:0
end_of_record
TN:
SF:src/controllers/users.controller.js
FN:5,(anonymous_0)
FN:16,(anonymous_1)
FN:27,(anonymous_2)
FN:38,(anonymous_3)
FNF:4
FNH:4
FNDA:2,(anonymous_0)
FNDA:2,(anonymous_1)
FNDA:3,(anonymous_2)
FNDA:2,(anonymous_3)
DA:5,7
DA:6,2
DA:7,2
DA:8,2
DA:9,1
DA:11,1
DA:16,7
DA:17,2
DA:18,2
DA:19,2
DA:20,1
DA:22,1
DA:27,7
DA:28,3
DA:29,3
DA:30,3
DA:31,1
DA:33,2
DA:38,7
DA:39,2
DA:41,2
DA:42,2
DA:43,1
DA:45,1
LF:24
LH:24
BRF:0
BRH:0
end_of_record
TN:
SF:src/middleware/adminAuth.middleware.js
FN:3,(anonymous_0)
FNF:1
FNH:1
FNDA:40,(anonymous_0)
DA:3,7
DA:4,40
DA:5,7
DA:7,33
LF:4
LH:4
BRDA:4,0,0,7
BRDA:4,0,1,33
BRDA:4,1,0,40
BRDA:4,1,1,40
BRF:4
BRH:4
end_of_record
TN:
SF:src/middleware/auth.middleware.js
FN:4,(anonymous_0)
FNF:1
FNH:1
FNDA:125,(anonymous_0)
DA:4,7
DA:5,125
DA:6,125
DA:7,21
DA:10,104
DA:11,104
DA:12,104
DA:13,102
DA:14,102
DA:16,2
LF:10
LH:10
BRDA:6,0,0,21
BRDA:6,0,1,104
BRDA:6,1,0,125
BRDA:6,1,1,104
BRF:4
BRH:4
end_of_record
TN:
SF:src/middleware/cronAuth.middleware.js
FN:4,(anonymous_0)
FNF:1
FNH:1
FNDA:5,(anonymous_0)
DA:4,7
DA:5,5
DA:6,5
DA:9,5
DA:10,5
DA:12,5
DA:16,2
DA:18,3
LF:8
LH:8
BRDA:6,0,0,5
BRDA:6,0,1,0
BRDA:9,1,0,5
BRDA:9,1,1,1
BRDA:12,2,0,2
BRDA:12,2,1,3
BRDA:13,3,0,5
BRDA:13,3,1,3
BRF:8
BRH:7
end_of_record
TN:
SF:src/middleware/error.middleware.js
FN:3,(anonymous_0)
FNF:1
FNH:1
FNDA:102,(anonymous_0)
DA:3,7
DA:4,102
DA:7,102
DA:8,0
DA:9,0
DA:10,0
DA:11,0
DA:12,0
DA:13,0
DA:14,0
DA:15,0
DA:20,102
DA:21,0
DA:22,0
DA:23,0
DA:25,0
DA:28,102
DA:29,0
DA:32,102
LF:19
LH:6
BRDA:7,0,0,0
BRDA:7,0,1,102
BRDA:8,1,0,0
BRDA:8,1,1,0
BRDA:12,2,0,0
BRDA:12,2,1,0
BRDA:20,3,0,0
BRDA:20,3,1,102
BRDA:28,4,0,0
BRDA:28,4,1,102
BRF:10
BRH:3
end_of_record
TN:
SF:src/middleware/validate.middleware.js
FN:3,(anonymous_0)
FN:3,(anonymous_1)
FN:7,(anonymous_2)
FN:15,(anonymous_3)
FN:15,(anonymous_4)
FN:19,(anonymous_5)
FN:33,(anonymous_6)
FN:33,(anonymous_7)
FN:37,(anonymous_8)
FNF:9
FNH:9
FNDA:105,(anonymous_0)
FNDA:74,(anonymous_1)
FNDA:37,(anonymous_2)
FNDA:21,(anonymous_3)
FNDA:12,(anonymous_4)
FNDA:3,(anonymous_5)
FNDA:42,(anonymous_6)
FNDA:30,(anonymous_7)
FNDA:4,(anonymous_8)
DA:3,105
DA:4,74
DA:5,74
DA:6,26
DA:7,37
DA:9,26
DA:11,48
DA:12,48
DA:15,21
DA:16,12
DA:17,12
DA:18,2
DA:19,3
DA:21,2
DA:25,10
DA:30,10
DA:33,42
DA:34,30
DA:35,30
DA:36,4
DA:37,4
DA:39,4
DA:41,26
DA:42,26
LF:24
LH:24
BRDA:5,0,0,26
BRDA:5,0,1,48
BRDA:17,1,0,2
BRDA:17,1,1,10
BRDA:35,2,0,4
BRDA:35,2,1,26
BRF:6
BRH:6
end_of_record
TN:
SF:src/routes/admin.routes.js
FNF:0
FNH:0
DA:8,7
DA:11,7
DA:20,7
DA:29,7
DA:38,7
DA:47,7
DA:56,7
LF:7
LH:7
BRF:0
BRH:0
end_of_record
TN:
SF:src/routes/analytics.routes.js
FNF:0
FNH:0
DA:8,7
DA:11,7
DA:14,7
DA:17,7
LF:4
LH:4
BRF:0
BRH:0
end_of_record
TN:
SF:src/routes/quizzes.routes.js
FNF:0
FNH:0
DA:7,7
DA:11,7
DA:15,7
DA:19,7
DA:23,7
LF:5
LH:5
BRF:0
BRH:0
end_of_record
TN:
SF:src/routes/retention.routes.js
FNF:0
FNH:0
DA:11,7
DA:16,7
DA:25,7
DA:33,7
LF:4
LH:4
BRF:0
BRH:0
end_of_record
TN:
SF:src/routes/sessions.routes.js
FNF:0
FNH:0
DA:7,7
DA:11,7
DA:12,7
DA:13,7
LF:4
LH:4
BRF:0
BRH:0
end_of_record
TN:
SF:src/routes/track.routes.js
FNF:0
FNH:0
DA:7,7
DA:9,7
DA:10,7
DA:11,7
DA:12,7
LF:5
LH:5
BRF:0
BRH:0
end_of_record
TN:
SF:src/routes/users.routes.js
FNF:0
FNH:0
DA:16,7
DA:19,7
DA:20,7
DA:21,7
DA:24,7
LF:5
LH:5
BRF:0
BRH:0
end_of_record
TN:
SF:src/services/admin.service.js
FN:7,(anonymous_0)
FN:23,(anonymous_1)
FN:108,(anonymous_2)
FN:143,(anonymous_3)
FN:146,(anonymous_4)
FN:147,(anonymous_5)
FN:150,(anonymous_6)
FN:151,(anonymous_7)
FN:154,(anonymous_8)
FN:155,(anonymous_9)
FN:184,(anonymous_10)
FN:222,(anonymous_11)
FN:282,(anonymous_12)
FN:334,(anonymous_13)
FN:357,(anonymous_14)
FN:370,(anonymous_15)
FNF:16
FNH:16
FNDA:1,(anonymous_0)
FNDA:2,(anonymous_1)
FNDA:4,(anonymous_2)
FNDA:3,(anonymous_3)
FNDA:6,(anonymous_4)
FNDA:6,(anonymous_5)
FNDA:6,(anonymous_6)
FNDA:6,(anonymous_7)
FNDA:3,(anonymous_8)
FNDA:3,(anonymous_9)
FNDA:3,(anonymous_10)
FNDA:3,(anonymous_11)
FNDA:2,(anonymous_12)
FNDA:3,(anonymous_13)
FNDA:2,(anonymous_14)
FNDA:2,(anonymous_15)
DA:7,7
DA:8,1
DA:9,1
DA:10,1
DA:11,6
DA:13,1
DA:23,7
DA:25,2
DA:34,2
DA:35,1
DA:41,1
DA:47,1
DA:50,1
DA:51,1
DA:70,1
DA:73,0
DA:74,0
DA:76,0
DA:94,0
DA:98,0
DA:108,7
DA:109,4
DA:110,4
DA:111,4
DA:113,4
DA:114,1
DA:117,4
DA:118,2
DA:124,4
DA:143,4
DA:144,3
DA:146,6
DA:147,6
DA:150,6
DA:151,6
DA:154,3
DA:155,3
DA:159,3
DA:171,0
DA:172,0
DA:184,7
DA:185,3
DA:189,3
DA:190,1
DA:193,2
DA:194,1
DA:197,1
DA:211,1
DA:222,7
DA:223,3
DA:225,3
DA:229,3
DA:230,1
DA:234,2
DA:262,2
DA:264,1
DA:265,0
DA:282,7
DA:283,2
DA:285,2
DA:289,2
DA:290,1
DA:294,1
DA:313,1
DA:315,1
DA:316,0
DA:334,7
DA:336,3
DA:337,2
DA:338,0
DA:342,2
DA:346,2
DA:347,1
DA:349,1
DA:350,1
DA:351,0
DA:355,2
DA:357,2
DA:359,2
DA:370,2
DA:381,2
DA:385,2
DA:391,2
DA:393,0
DA:394,0
LF:85
LH:72
BRDA:34,0,0,1
BRDA:34,0,1,1
BRDA:73,1,0,0
BRDA:73,1,1,0
BRDA:73,2,0,0
BRDA:73,2,1,0
BRDA:108,3,0,0
BRDA:113,4,0,1
BRDA:113,4,1,3
BRDA:117,5,0,2
BRDA:117,5,1,2
BRDA:117,6,0,4
BRDA:117,6,1,2
BRDA:171,7,0,0
BRDA:171,7,1,0
BRDA:189,8,0,1
BRDA:189,8,1,2
BRDA:193,9,0,1
BRDA:193,9,1,1
BRDA:229,10,0,1
BRDA:229,10,1,2
BRDA:229,11,0,3
BRDA:229,11,1,2
BRDA:264,12,0,1
BRDA:264,12,1,0
BRDA:289,13,0,1
BRDA:289,13,1,1
BRDA:289,14,0,2
BRDA:289,14,1,1
BRDA:315,15,0,1
BRDA:315,15,1,0
BRDA:336,16,0,2
BRDA:336,16,1,1
BRDA:337,17,0,0
BRDA:337,17,1,2
BRDA:337,18,0,2
BRDA:337,18,1,2
BRDA:346,19,0,1
BRDA:346,19,1,1
BRDA:346,20,0,2
BRDA:346,20,1,1
BRDA:349,21,0,1
BRDA:349,21,1,0
BRDA:350,22,0,0
BRDA:350,22,1,1
BRDA:350,23,0,1
BRDA:350,23,1,1
BRDA:361,24,0,1
BRDA:361,24,1,1
BRDA:378,25,0,2
BRDA:378,25,1,0
BRDA:393,26,0,0
BRDA:393,26,1,0
BRF:53
BRH:38
end_of_record
TN:
SF:src/services/analytics.service.js
FN:5,(anonymous_0)
FN:66,(anonymous_1)
FN:95,(anonymous_2)
FN:105,(anonymous_3)
FN:122,(anonymous_4)
FN:136,(anonymous_5)
FN:146,(anonymous_6)
FN:147,(anonymous_7)
FN:193,(anonymous_8)
FN:281,(anonymous_9)
FN:287,(anonymous_10)
FN:288,(anonymous_11)
FN:297,(anonymous_12)
FN:326,(anonymous_13)
FNF:14
FNH:13
FNDA:4,(anonymous_0)
FNDA:5,(anonymous_1)
FNDA:6,(anonymous_2)
FNDA:6,(anonymous_3)
FNDA:6,(anonymous_4)
FNDA:0,(anonymous_5)
FNDA:3,(anonymous_6)
FNDA:6,(anonymous_7)
FNDA:3,(anonymous_8)
FNDA:6,(anonymous_9)
FNDA:6,(anonymous_10)
FNDA:9,(anonymous_11)
FNDA:12,(anonymous_12)
FNDA:9,(anonymous_13)
DA:5,7
DA:6,4
DA:8,4
DA:9,1
DA:13,3
DA:34,3
DA:52,3
DA:55,3
DA:61,1
DA:62,0
DA:66,7
DA:67,5
DA:68,5
DA:85,5
DA:86,1
DA:90,4
DA:91,1
DA:95,6
DA:98,3
DA:105,3
DA:106,6
DA:107,6
DA:108,6
DA:109,6
DA:112,3
DA:113,3
DA:114,3
DA:115,12
DA:116,3
DA:117,3
DA:122,6
DA:136,0
DA:146,3
DA:147,6
DA:149,3
DA:172,3
DA:188,2
DA:189,0
DA:193,7
DA:194,3
DA:196,3
DA:197,3
DA:198,1
DA:200,3
DA:201,1
DA:211,3
DA:226,3
DA:243,3
DA:246,3
DA:254,3
DA:255,3
DA:257,3
DA:264,3
DA:281,6
DA:282,3
DA:287,3
DA:288,9
DA:289,6
DA:297,3
DA:298,12
DA:309,12
DA:315,12
DA:318,3
DA:326,3
DA:327,9
DA:334,9
DA:340,9
DA:343,3
DA:349,3
DA:356,0
DA:357,0
LF:71
LH:66
BRDA:8,0,0,1
BRDA:8,0,1,3
BRDA:8,1,0,4
BRDA:8,1,1,3
BRDA:34,2,0,3
BRDA:34,2,1,1
BRDA:61,3,0,1
BRDA:61,3,1,0
BRDA:85,4,0,1
BRDA:85,4,1,4
BRDA:90,5,0,1
BRDA:90,5,1,3
BRDA:95,6,0,6
BRDA:95,6,1,0
BRDA:106,7,0,2
BRDA:106,7,1,4
BRDA:107,8,0,4
BRDA:107,8,1,2
BRDA:108,9,0,2
BRDA:108,9,1,4
BRDA:109,10,0,2
BRDA:109,10,1,4
BRDA:115,11,0,3
BRDA:115,11,1,9
BRDA:150,12,0,3
BRDA:150,12,1,0
BRDA:160,13,0,3
BRDA:160,13,1,0
BRDA:188,14,0,2
BRDA:188,14,1,0
BRDA:197,15,0,1
BRDA:197,15,1,2
BRDA:200,16,0,1
BRDA:200,16,1,2
BRDA:200,17,0,3
BRDA:200,17,1,2
BRDA:204,18,0,1
BRDA:204,18,1,1
BRDA:205,19,0,1
BRDA:205,19,1,1
BRDA:214,20,0,3
BRDA:214,20,1,1
BRDA:216,21,0,3
BRDA:216,21,1,2
BRDA:216,21,2,1
BRDA:219,22,0,1
BRDA:219,22,1,1
BRDA:220,23,0,1
BRDA:220,23,1,1
BRDA:229,24,0,3
BRDA:229,24,1,1
BRDA:231,25,0,3
BRDA:231,25,1,2
BRDA:231,25,2,1
BRDA:234,26,0,1
BRDA:234,26,1,1
BRDA:235,27,0,1
BRDA:235,27,1,1
BRDA:254,28,0,3
BRDA:254,28,1,0
BRDA:255,29,0,3
BRDA:255,29,1,0
BRDA:291,30,0,6
BRDA:291,30,1,0
BRDA:292,31,0,6
BRDA:292,31,1,0
BRDA:301,32,0,12
BRDA:301,32,1,8
BRDA:315,33,0,12
BRDA:315,33,1,0
BRDA:340,34,0,9
BRDA:340,34,1,0
BRDA:356,35,0,0
BRDA:356,35,1,0
BRF:74
BRH:61
end_of_record
TN:
SF:src/services/eis.service.js
FN:1,(anonymous_0)
FNF:1
FNH:0
FNDA:0,(anonymous_0)
DA:1,6
LF:1
LH:1
BRF:0
BRH:0
end_of_record
TN:
SF:src/services/quizzes.service.js
FN:14,(anonymous_0)
FN:90,(anonymous_1)
FN:130,(anonymous_2)
FN:131,(anonymous_3)
FN:149,(anonymous_4)
FN:164,(anonymous_5)
FN:192,(anonymous_6)
FN:249,(anonymous_7)
FNF:8
FNH:8
FNDA:3,(anonymous_0)
FNDA:3,(anonymous_1)
FNDA:2,(anonymous_2)
FNDA:3,(anonymous_3)
FNDA:1,(anonymous_4)
FNDA:2,(anonymous_5)
FNDA:4,(anonymous_6)
FNDA:2,(anonymous_7)
DA:14,7
DA:15,3
DA:17,3
DA:27,3
DA:28,0
DA:32,3
DA:39,3
DA:40,0
DA:41,0
DA:43,3
DA:47,3
DA:71,3
DA:72,1
DA:75,2
DA:77,1
DA:78,0
DA:90,7
DA:91,3
DA:93,3
DA:97,3
DA:98,0
DA:102,3
DA:106,3
DA:107,1
DA:111,2
DA:124,2
DA:125,1
DA:129,1
DA:130,1
DA:131,3
DA:132,2
DA:134,2
DA:135,2
DA:138,2
DA:145,1
DA:146,1
DA:149,1
DA:151,1
DA:164,2
DA:168,1
DA:170,1
DA:174,1
DA:176,0
DA:179,1
DA:181,2
DA:182,0
DA:192,7
DA:193,4
DA:194,4
DA:199,4
DA:200,1
DA:203,3
DA:204,1
DA:207,2
DA:217,2
DA:218,2
DA:220,2
DA:221,4
DA:222,2
DA:223,2
DA:224,2
DA:228,2
DA:229,2
DA:230,1
DA:233,2
DA:239,2
DA:240,0
DA:249,7
DA:250,2
DA:251,2
DA:267,2
DA:269,0
DA:270,0
LF:73
LH:63
BRDA:27,0,0,0
BRDA:27,0,1,3
BRDA:27,1,0,3
BRDA:27,1,1,3
BRDA:39,2,0,0
BRDA:39,2,1,3
BRDA:71,3,0,1
BRDA:71,3,1,2
BRDA:77,4,0,1
BRDA:77,4,1,0
BRDA:97,5,0,0
BRDA:97,5,1,3
BRDA:97,6,0,3
BRDA:97,6,1,3
BRDA:106,7,0,1
BRDA:106,7,1,2
BRDA:124,8,0,1
BRDA:124,8,1,1
BRDA:132,9,0,2
BRDA:132,9,1,2
BRDA:134,10,0,2
BRDA:134,10,1,0
BRDA:174,11,0,0
BRDA:174,11,1,1
BRDA:181,12,0,2
BRDA:181,12,1,0
BRDA:199,13,0,1
BRDA:199,13,1,3
BRDA:203,14,0,1
BRDA:203,14,1,2
BRDA:221,15,0,2
BRDA:221,15,1,2
BRDA:223,16,0,2
BRDA:223,16,1,0
BRDA:229,17,0,1
BRDA:229,17,1,1
BRDA:239,18,0,2
BRDA:239,18,1,0
BRDA:269,19,0,0
BRDA:269,19,1,0
BRF:40
BRH:29
end_of_record
TN:
SF:src/services/retention.service.js
FN:12,(anonymous_0)
FN:97,(anonymous_1)
FN:176,(anonymous_2)
FN:246,(anonymous_3)
FN:247,(anonymous_4)
FN:264,(anonymous_5)
FN:279,(anonymous_6)
FNF:7
FNH:7
FNDA:3,(anonymous_0)
FNDA:5,(anonymous_1)
FNDA:3,(anonymous_2)
FNDA:1,(anonymous_3)
FNDA:1,(anonymous_4)
FNDA:1,(anonymous_5)
FNDA:1,(anonymous_6)
DA:12,7
DA:13,3
DA:15,3
DA:27,3
DA:29,3
DA:30,3
DA:33,3
DA:34,3
DA:35,3
DA:37,3
DA:38,0
DA:42,3
DA:45,3
DA:46,3
DA:49,3
DA:56,3
DA:63,2
DA:71,2
DA:72,2
DA:74,1
DA:75,1
DA:79,3
DA:81,3
DA:87,0
DA:88,0
DA:97,7
DA:98,5
DA:100,5
DA:101,5
DA:102,1
DA:105,4
DA:108,4
DA:116,4
DA:117,2
DA:121,2
DA:126,2
DA:127,0
DA:131,2
DA:159,2
DA:160,0
DA:163,2
DA:165,3
DA:166,0
DA:176,7
DA:177,3
DA:179,3
DA:180,3
DA:181,1
DA:184,2
DA:187,2
DA:195,2
DA:196,0
DA:199,2
DA:200,1
DA:203,1
DA:204,0
DA:208,1
DA:213,1
DA:214,0
DA:219,1
DA:235,1
DA:236,0
DA:239,1
DA:240,1
DA:241,0
DA:245,1
DA:246,1
DA:247,1
DA:248,1
DA:250,1
DA:251,1
DA:254,1
DA:261,1
DA:264,1
DA:266,1
DA:279,1
DA:283,1
DA:286,1
DA:293,1
DA:297,1
DA:299,1
DA:301,2
DA:302,0
LF:83
LH:71
BRDA:37,0,0,0
BRDA:37,0,1,3
BRDA:37,1,0,3
BRDA:37,1,1,3
BRDA:45,2,0,3
BRDA:45,2,1,3
BRDA:87,3,0,0
BRDA:87,3,1,0
BRDA:101,4,0,1
BRDA:101,4,1,4
BRDA:116,5,0,2
BRDA:116,5,1,2
BRDA:116,6,0,4
BRDA:116,6,1,4
BRDA:126,7,0,0
BRDA:126,7,1,2
BRDA:159,8,0,0
BRDA:159,8,1,2
BRDA:165,9,0,3
BRDA:165,9,1,0
BRDA:180,10,0,1
BRDA:180,10,1,2
BRDA:195,11,0,0
BRDA:195,11,1,2
BRDA:199,12,0,1
BRDA:199,12,1,1
BRDA:203,13,0,0
BRDA:203,13,1,1
BRDA:213,14,0,0
BRDA:213,14,1,1
BRDA:235,15,0,0
BRDA:235,15,1,1
BRDA:240,16,0,0
BRDA:240,16,1,1
BRDA:248,17,0,1
BRDA:248,17,1,1
BRDA:250,18,0,1
BRDA:250,18,1,0
BRDA:301,19,0,2
BRDA:301,19,1,0
BRF:40
BRH:27
end_of_record
TN:
SF:src/services/sessions.service.js
FN:5,(anonymous_0)
FN:50,(anonymous_1)
FN:81,(anonymous_2)
FN:129,(anonymous_3)
FNF:4
FNH:4
FNDA:2,(anonymous_0)
FNDA:4,(anonymous_1)
FNDA:1,(anonymous_2)
FNDA:2,(anonymous_3)
DA:5,7
DA:6,2
DA:8,2
DA:15,2
DA:16,1
DA:24,1
DA:25,1
DA:27,1
DA:42,1
DA:44,1
DA:45,0
DA:50,7
DA:51,4
DA:53,4
DA:57,4
DA:58,1
DA:62,3
DA:63,1
DA:67,2
DA:68,1
DA:72,1
DA:74,1
DA:75,1
DA:77,1
DA:78,1
DA:81,1
DA:83,1
DA:100,1
DA:118,1
DA:121,1
DA:123,3
DA:124,0
DA:129,7
DA:130,2
DA:131,2
DA:143,2
DA:145,0
DA:146,0
LF:38
LH:34
BRDA:15,0,0,1
BRDA:15,0,1,1
BRDA:44,1,0,1
BRDA:44,1,1,0
BRDA:57,2,0,1
BRDA:57,2,1,3
BRDA:62,3,0,1
BRDA:62,3,1,2
BRDA:67,4,0,1
BRDA:67,4,1,1
BRDA:123,5,0,3
BRDA:123,5,1,0
BRDA:145,6,0,0
BRDA:145,6,1,0
BRF:14
BRH:10
end_of_record
TN:
SF:src/services/track.service.js
FN:4,(anonymous_0)
FN:96,(anonymous_1)
FN:129,(anonymous_2)
FN:159,(anonymous_3)
FNF:4
FNH:4
FNDA:5,(anonymous_0)
FNDA:6,(anonymous_1)
FNDA:3,(anonymous_2)
FNDA:4,(anonymous_3)
DA:4,7
DA:6,5
DA:10,5
DA:11,0
DA:15,5
DA:18,5
DA:19,2
DA:21,3
DA:22,0
DA:26,3
DA:29,3
DA:30,1
DA:32,2
DA:33,0
DA:37,2
DA:47,2
DA:61,2
DA:83,2
DA:96,7
DA:98,6
DA:101,6
DA:102,1
DA:104,5
DA:105,1
DA:109,4
DA:110,4
DA:111,1
DA:112,3
DA:113,1
DA:114,2
DA:115,1
DA:116,1
DA:117,1
DA:121,4
DA:126,4
DA:129,7
DA:130,3
DA:132,3
DA:135,3
DA:136,1
DA:138,2
DA:139,1
DA:143,1
DA:152,1
DA:154,2
DA:155,0
DA:159,7
DA:160,4
DA:162,4
DA:165,4
DA:166,1
DA:170,3
DA:171,1
DA:175,2
DA:176,1
DA:180,1
DA:181,1
DA:184,1
DA:192,1
DA:194,3
DA:195,0
LF:61
LH:56
BRDA:10,0,0,0
BRDA:10,0,1,5
BRDA:18,1,0,2
BRDA:18,1,1,3
BRDA:18,2,0,5
BRDA:18,2,1,4
BRDA:21,3,0,0
BRDA:21,3,1,3
BRDA:29,4,0,1
BRDA:29,4,1,2
BRDA:32,5,0,0
BRDA:32,5,1,2
BRDA:101,6,0,1
BRDA:101,6,1,5
BRDA:104,7,0,1
BRDA:104,7,1,4
BRDA:110,8,0,1
BRDA:110,8,1,3
BRDA:112,9,0,1
BRDA:112,9,1,2
BRDA:114,10,0,1
BRDA:114,10,1,1
BRDA:116,11,0,1
BRDA:116,11,1,0
BRDA:135,12,0,1
BRDA:135,12,1,2
BRDA:138,13,0,1
BRDA:138,13,1,1
BRDA:148,14,0,1
BRDA:148,14,1,0
BRDA:154,15,0,2
BRDA:154,15,1,0
BRDA:165,16,0,1
BRDA:165,16,1,3
BRDA:170,17,0,1
BRDA:170,17,1,2
BRDA:175,18,0,1
BRDA:175,18,1,1
BRDA:194,19,0,3
BRDA:194,19,1,0
BRF:40
BRH:33
end_of_record
TN:
SF:src/services/users.service.js
FN:9,(anonymous_0)
FN:44,(anonymous_1)
FN:81,(anonymous_2)
FN:132,(anonymous_3)
FNF:4
FNH:4
FNDA:2,(anonymous_0)
FNDA:2,(anonymous_1)
FNDA:3,(anonymous_2)
FNDA:2,(anonymous_3)
DA:9,7
DA:11,2
DA:15,2
DA:16,1
DA:20,1
DA:23,1
DA:40,1
DA:44,7
DA:46,2
DA:50,2
DA:51,1
DA:55,1
DA:56,1
DA:59,1
DA:65,1
DA:77,1
DA:81,7
DA:83,3
DA:87,3
DA:88,0
DA:92,3
DA:93,1
DA:97,2
DA:98,1
DA:102,1
DA:108,1
DA:109,1
DA:119,1
DA:132,7
DA:133,2
DA:147,2
DA:148,1
DA:151,1
LF:33
LH:32
BRDA:15,0,0,1
BRDA:15,0,1,1
BRDA:50,1,0,1
BRDA:50,1,1,1
BRDA:87,2,0,0
BRDA:87,2,1,3
BRDA:87,3,0,3
BRDA:87,3,1,3
BRDA:92,4,0,1
BRDA:92,4,1,2
BRDA:97,5,0,1
BRDA:97,5,1,1
BRDA:108,6,0,0
BRDA:108,6,1,1
BRDA:147,7,0,1
BRDA:147,7,1,1
BRF:16
BRH:14
end_of_record
TN:
SF:src/utils/ageCategory.js
FN:1,(anonymous_0)
FNF:1
FNH:1
FNDA:1,(anonymous_0)
DA:1,7
DA:2,1
DA:3,1
DA:4,1
LF:4
LH:4
BRDA:2,0,0,0
BRDA:2,0,1,1
BRDA:3,1,0,0
BRDA:3,1,1,1
BRF:4
BRH:2
end_of_record
TN:
SF:src/utils/eisCalculator.js
FN:2,(anonymous_0)
FN:4,(anonymous_1)
FN:11,(anonymous_2)
FN:23,(anonymous_3)
FN:38,(anonymous_4)
FN:46,(anonymous_5)
FNF:6
FNH:0
FNDA:0,(anonymous_0)
FNDA:0,(anonymous_1)
FNDA:0,(anonymous_2)
FNDA:0,(anonymous_3)
FNDA:0,(anonymous_4)
FNDA:0,(anonymous_5)
DA:2,6
DA:4,6
DA:5,0
DA:6,0
DA:7,0
DA:8,0
DA:11,6
DA:12,0
DA:13,0
DA:14,0
DA:15,0
DA:16,0
DA:17,0
DA:18,0
DA:20,0
DA:23,6
DA:24,0
DA:25,0
DA:27,0
DA:28,0
DA:31,0
DA:32,0
DA:35,0
DA:38,6
DA:39,0
DA:40,0
DA:41,0
DA:42,0
DA:43,0
DA:46,6
DA:47,0
DA:48,0
DA:49,0
DA:50,0
DA:51,0
DA:52,0
LF:36
LH:6
BRDA:2,0,0,0
BRDA:2,0,1,0
BRDA:2,1,0,0
BRDA:2,1,1,0
BRDA:8,2,0,0
BRDA:8,2,1,0
BRDA:18,3,0,0
BRDA:18,3,1,0
BRDA:24,4,0,0
BRDA:24,4,1,0
BRDA:25,5,0,0
BRDA:25,5,1,0
BRDA:27,6,0,0
BRDA:27,6,1,0
BRDA:27,7,0,0
BRDA:27,7,1,0
BRDA:31,8,0,0
BRDA:31,8,1,0
BRDA:48,9,0,0
BRDA:48,9,1,0
BRDA:49,10,0,0
BRDA:49,10,1,0
BRDA:50,11,0,0
BRDA:50,11,1,0
BRDA:51,12,0,0
BRDA:51,12,1,0
BRF:26
BRH:0
end_of_record
TN:
SF:src/utils/emailSender.js
FN:17,sendEmail
FNF:1
FNH:0
FNDA:0,sendEmail
DA:3,5
DA:18,0
DA:25,0
LF:3
LH:1
BRF:0
BRH:0
end_of_record
TN:
SF:src/utils/otpGenerator.js
FN:3,(anonymous_0)
FNF:1
FNH:1
FNDA:1,(anonymous_0)
DA:1,7
DA:3,7
DA:4,1
DA:5,1
DA:6,6
DA:8,1
LF:6
LH:6
BRF:0
BRH:0
end_of_record
TN:
SF:src/utils/response.js
FN:2,(anonymous_0)
FN:10,(anonymous_1)
FN:11,(anonymous_2)
FN:22,(anonymous_3)
FNF:4
FNH:4
FNDA:102,(anonymous_0)
FNDA:49,(anonymous_1)
FNDA:744,(anonymous_2)
FNDA:102,(anonymous_3)
DA:3,102
DA:4,102
DA:5,102
DA:6,102
DA:10,7
DA:11,49
DA:12,744
DA:15,49
DA:22,7
DA:23,102
LF:10
LH:10
BRDA:10,0,0,0
BRDA:12,1,0,19
BRDA:12,1,1,725
BRF:3
BRH:2
end_of_record
TN:
SF:src/utils/tokenUrl.js
FN:3,(anonymous_0)
FN:11,(anonymous_1)
FNF:2
FNH:0
FNDA:0,(anonymous_0)
FNDA:0,(anonymous_1)
DA:3,6
DA:4,0
DA:11,6
DA:12,0
DA:13,0
DA:15,0
LF:6
LH:2
BRF:0
BRH:0
end_of_record
TN:
SF:src/validators/admin.validator.js
FN:17,(anonymous_0)
FN:122,(anonymous_1)
FNF:2
FNH:2
FNDA:4,(anonymous_0)
FNDA:6,(anonymous_1)
DA:3,7
DA:15,7
DA:18,4
DA:19,1
DA:20,1
DA:21,0
DA:23,3
DA:29,7
DA:33,7
DA:51,7
DA:74,7
DA:123,6
DA:124,1
DA:130,6
DA:131,1
LF:15
LH:14
BRDA:18,0,0,1
BRDA:18,0,1,3
BRDA:20,1,0,1
BRDA:20,1,1,0
BRDA:21,2,0,0
BRDA:21,2,1,0
BRDA:123,3,0,1
BRDA:123,3,1,5
BRDA:123,4,0,6
BRDA:123,4,1,3
BRDA:123,4,2,3
BRDA:130,5,0,1
BRDA:130,5,1,5
BRDA:130,6,0,6
BRDA:130,6,1,3
BRDA:130,6,2,3
BRF:16
BRH:13
end_of_record
TN:
SF:src/validators/analytics.validator.js
FN:15,(anonymous_0)
FNF:1
FNH:0
FNDA:0,(anonymous_0)
DA:3,7
DA:7,7
DA:11,7
DA:15,0
LF:4
LH:3
BRF:0
BRH:0
end_of_record
TN:
SF:src/validators/quizzes.validator.js
FNF:0
FNH:0
DA:3,7
DA:11,7
DA:20,7
LF:3
LH:3
BRF:0
BRH:0
end_of_record
TN:
SF:src/validators/retention.validator.js
FNF:0
FNH:0
DA:3,7
DA:5,7
DA:9,7
LF:3
LH:3
BRF:0
BRH:0
end_of_record
TN:
SF:src/validators/sessions.validator.js
FNF:0
FNH:0
DA:4,7
LF:1
LH:1
BRF:0
BRH:0
end_of_record
TN:
SF:src/validators/track.validator.js
FN:11,(anonymous_0)
FNF:1
FNH:0
FNDA:0,(anonymous_0)
DA:4,7
DA:9,7
DA:11,0
DA:14,7
DA:21,7
LF:5
LH:4
BRF:0
BRH:0
end_of_record
TN:
SF:src/validators/users.validator.js
FNF:0
FNH:0
DA:3,7
DA:13,7
DA:17,7
LF:3
LH:3
BRF:0
BRH:0
end_of_record
